libpng error: IDAT: CRC error
libpng error: IDAT: CRC error
Traceback (most recent call last):
  File "/work/s473634/rareplanes-domain-shift/src/train_yolo.py", line 122, in <module>
    main()
  File "/work/s473634/rareplanes-domain-shift/src/train_yolo.py", line 65, in main
    model.train(
  File "/home/s473634/.conda/envs/rareplanes/lib/python3.12/site-packages/ultralytics/engine/model.py", line 792, in train
    self.trainer.train()
  File "/home/s473634/.conda/envs/rareplanes/lib/python3.12/site-packages/ultralytics/engine/trainer.py", line 246, in train
    self._do_train()
  File "/home/s473634/.conda/envs/rareplanes/lib/python3.12/site-packages/ultralytics/engine/trainer.py", line 423, in _do_train
    for i, batch in pbar:
                    ^^^^
  File "/home/s473634/.conda/envs/rareplanes/lib/python3.12/site-packages/ultralytics/utils/tqdm.py", line 350, in __iter__
    for item in self.iterable:
                ^^^^^^^^^^^^^
  File "/home/s473634/.conda/envs/rareplanes/lib/python3.12/site-packages/ultralytics/data/build.py", line 82, in __iter__
    yield next(self.iterator)
          ^^^^^^^^^^^^^^^^^^^
  File "/home/s473634/.conda/envs/rareplanes/lib/python3.12/site-packages/torch/utils/data/dataloader.py", line 701, in __next__
    data = self._next_data()
           ^^^^^^^^^^^^^^^^^
  File "/home/s473634/.conda/envs/rareplanes/lib/python3.12/site-packages/torch/utils/data/dataloader.py", line 1445, in _next_data
    return self._process_data(data)
           ^^^^^^^^^^^^^^^^^^^^^^^^
  File "/home/s473634/.conda/envs/rareplanes/lib/python3.12/site-packages/torch/utils/data/dataloader.py", line 1491, in _process_data
    data.reraise()
  File "/home/s473634/.conda/envs/rareplanes/lib/python3.12/site-packages/torch/_utils.py", line 715, in reraise
    raise exception
FileNotFoundError: Caught FileNotFoundError in DataLoader worker process 1.
Original Traceback (most recent call last):
  File "/home/s473634/.conda/envs/rareplanes/lib/python3.12/site-packages/torch/utils/data/_utils/worker.py", line 351, in _worker_loop
    data = fetcher.fetch(index)  # type: ignore[possibly-undefined]
           ^^^^^^^^^^^^^^^^^^^^
  File "/home/s473634/.conda/envs/rareplanes/lib/python3.12/site-packages/torch/utils/data/_utils/fetch.py", line 52, in fetch
    data = [self.dataset[idx] for idx in possibly_batched_index]
            ~~~~~~~~~~~~^^^^^
  File "/home/s473634/.conda/envs/rareplanes/lib/python3.12/site-packages/ultralytics/data/base.py", line 397, in __getitem__
    return self.transforms(self.get_image_and_label(index))
                           ^^^^^^^^^^^^^^^^^^^^^^^^^^^^^^^
  File "/home/s473634/.conda/envs/rareplanes/lib/python3.12/site-packages/ultralytics/data/base.py", line 410, in get_image_and_label
    label["img"], label["ori_shape"], label["resized_shape"] = self.load_image(index)
                                                               ^^^^^^^^^^^^^^^^^^^^^^
  File "/home/s473634/.conda/envs/rareplanes/lib/python3.12/site-packages/ultralytics/data/base.py", line 248, in load_image
    raise FileNotFoundError(f"Image Not Found {f}")
FileNotFoundError: Image Not Found /work/s473634/rareplanes-data/data/yolo/synthetic_aircraft/images/train/HongKong_Airport_0_0_625_17090.png

