libpng error: IDAT: CRC error
Traceback (most recent call last):
  File "/work/s473634/rareplanes-domain-shift/src/train_yolo_freq_onfly.py", line 245, in <module>
    main()
  File "/work/s473634/rareplanes-domain-shift/src/train_yolo_freq_onfly.py", line 175, in main
    model.train(
  File "/home/s473634/.conda/envs/rareplanes/lib/python3.12/site-packages/ultralytics/engine/model.py", line 792, in train
    self.trainer.train()
  File "/home/s473634/.conda/envs/rareplanes/lib/python3.12/site-packages/ultralytics/engine/trainer.py", line 246, in train
    self._do_train()
  File "/home/s473634/.conda/envs/rareplanes/lib/python3.12/site-packages/ultralytics/engine/trainer.py", line 423, in _do_train
    for i, batch in pbar:
                    ^^^^
  File "/home/s473634/.conda/envs/rareplanes/lib/python3.12/site-packages/ultralytics/utils/tqdm.py", line 350, in __iter__
    for item in self.iterable:
                ^^^^^^^^^^^^^
  File "/home/s473634/.conda/envs/rareplanes/lib/python3.12/site-packages/ultralytics/data/build.py", line 82, in __iter__
    yield next(self.iterator)
          ^^^^^^^^^^^^^^^^^^^
  File "/home/s473634/.conda/envs/rareplanes/lib/python3.12/site-packages/torch/utils/data/dataloader.py", line 701, in __next__
    data = self._next_data()
           ^^^^^^^^^^^^^^^^^
  File "/home/s473634/.conda/envs/rareplanes/lib/python3.12/site-packages/torch/utils/data/dataloader.py", line 1445, in _next_data
    return self._process_data(data)
           ^^^^^^^^^^^^^^^^^^^^^^^^
  File "/home/s473634/.conda/envs/rareplanes/lib/python3.12/site-packages/torch/utils/data/dataloader.py", line 1491, in _process_data
    data.reraise()
  File "/home/s473634/.conda/envs/rareplanes/lib/python3.12/site-packages/torch/_utils.py", line 715, in reraise
    raise exception
FileNotFoundError: Caught FileNotFoundError in DataLoader worker process 0.
Original Traceback (most recent call last):
  File "/home/s473634/.conda/envs/rareplanes/lib/python3.12/site-packages/torch/utils/data/_utils/worker.py", line 351, in _worker_loop
    data = fetcher.fetch(index)  # type: ignore[possibly-undefined]
           ^^^^^^^^^^^^^^^^^^^^
  File "/home/s473634/.conda/envs/rareplanes/lib/python3.12/site-packages/torch/utils/data/_utils/fetch.py", line 52, in fetch
    data = [self.dataset[idx] for idx in possibly_batched_index]
            ~~~~~~~~~~~~^^^^^
  File "/home/s473634/.conda/envs/rareplanes/lib/python3.12/site-packages/ultralytics/data/base.py", line 397, in __getitem__
    return self.transforms(self.get_image_and_label(index))
                           ^^^^^^^^^^^^^^^^^^^^^^^^^^^^^^^
  File "/home/s473634/.conda/envs/rareplanes/lib/python3.12/site-packages/ultralytics/data/base.py", line 410, in get_image_and_label
    label["img"], label["ori_shape"], label["resized_shape"] = self.load_image(index)
                                                               ^^^^^^^^^^^^^^^^^^^^^^
  File "/home/s473634/.conda/envs/rareplanes/lib/python3.12/site-packages/ultralytics/data/base.py", line 248, in load_image
    raise FileNotFoundError(f"Image Not Found {f}")
FileNotFoundError: Image Not Found /work/s473634/rareplanes-data/data/yolo/synthetic_10k/images/train/Geneva_Airport_0_0_654_14371.png

Traceback (most recent call last):
  File "/work/s473634/rareplanes-domain-shift/src/run_expB_onfly_cluster.py", line 470, in <module>
    main()
  File "/work/s473634/rareplanes-domain-shift/src/run_expB_onfly_cluster.py", line 458, in main
    name = train_variant(key, args)
           ^^^^^^^^^^^^^^^^^^^^^^^^
  File "/work/s473634/rareplanes-domain-shift/src/run_expB_onfly_cluster.py", line 295, in train_variant
    run(cmd, dry_run=args.dry_run or args.skip_train)
  File "/work/s473634/rareplanes-domain-shift/src/run_expB_onfly_cluster.py", line 201, in run
    subprocess.run(cmd, cwd=ROOT, check=True)
  File "/home/s473634/.conda/envs/rareplanes/lib/python3.12/subprocess.py", line 571, in run
    raise CalledProcessError(retcode, process.args,
subprocess.CalledProcessError: Command '['/home/s473634/.conda/envs/rareplanes/bin/python', '-u', 'src/train_yolo_freq_onfly.py', '--data', 'data/yolo/synthetic_10k/data.yaml', '--degrade-root', 'data/yolo/synthetic_10k/images/train', '--name', 'expB1_blur_noise_onfly_10k_onfly_ml', '--model', 'yolov10n.pt', '--epochs', '20', '--batch', '64', '--imgsz', '512', '--seed', '42', '--device', '0', '--workers', '4', '--patience', '20', '--freq-prob', '1.0', '--val-data', 'data/yolo/synthetic_10k/data.yaml', '--blur-radius', '0.4', '--noise-sigma', '5.0']' returned non-zero exit status 1.
