DATA_DIR=/work/s473634/rareplanes-data/data
CUDA_VISIBLE_DEVICES=0
Fri Jun 19 17:22:14 2026       
+-----------------------------------------------------------------------------------------+
| NVIDIA-SMI 575.57.08              Driver Version: 575.57.08      CUDA Version: 12.9     |
|-----------------------------------------+------------------------+----------------------+
| GPU  Name                 Persistence-M | Bus-Id          Disp.A | Volatile Uncorr. ECC |
| Fan  Temp   Perf          Pwr:Usage/Cap |           Memory-Usage | GPU-Util  Compute M. |
|                                         |                        |               MIG M. |
|=========================================+========================+======================|
|   0  NVIDIA GeForce RTX 4090        On  |   00000000:00:10.0 Off |                  Off |
|  0%   31C    P8             20W /  450W |       1MiB /  24564MiB |      0%      Default |
|                                         |                        |                  N/A |
+-----------------------------------------+------------------------+----------------------+
                                                                                         
+-----------------------------------------------------------------------------------------+
| Processes:                                                                              |
|  GPU   GI   CI              PID   Type   Process name                        GPU Memory |
|        ID   ID                                                               Usage      |
|=========================================================================================|
|  No running processes found                                                             |
+-----------------------------------------------------------------------------------------+
Python 3.12.13
torch: 2.5.1+cu121 cuda: True

==============================================================================
[2026-06-19 17:22:18] START train_final_model.py
==============================================================================

==============================================================================
[2026-06-19 17:22:18] Plan
==============================================================================
[2026-06-19 17:22:18] Final recipe = C(mixed real) + D(imgsz 320) + B2(noise-only files) + A1(weak HSV)
[2026-06-19 17:22:18] Real test holdout is used only by eval_per_size.py
[2026-06-19 17:22:18] data_dir=/work/s473634/rareplanes-data/data
[2026-06-19 17:22:18] smoke=True
[2026-06-19 17:22:18] run_name=final_yolov10n_syn1k_noise_real25pct_img320_hsvA1_ml
[2026-06-19 17:22:18] synthetic_src=data/yolo/synthetic_1k
[2026-06-19 17:22:18] noise_dataset=final_syn1k_b2_noise
[2026-06-19 17:22:18] mixed_dataset=final_mixed_syn1k_noise_real25pct
[2026-06-19 17:22:18] real_pct=25, noise_sigma=8.0
[2026-06-19 17:22:18] model=yolov10n.pt, epochs=3, batch=32, workers=4
[2026-06-19 17:22:18] device=0, imgsz=320, seed=42, cache=None
[2026-06-19 17:22:18] hsv_h=0.015, hsv_s=0.4, hsv_v=0.3
[2026-06-19 17:22:18] full_download_workers=32, min_full_synthetic_ratio=0.99
[2026-06-19 17:22:18] skip_prepare=False, skip_noise=False, skip_make=False, skip_train=False, skip_eval=False, dry_run=False

==============================================================================
[2026-06-19 17:22:18] Prepare base data
==============================================================================
[2026-06-19 17:22:18] [cmd] /home/s473634/.conda/envs/rareplanes/bin/python src/expC.py --prepare-only --data-dir /work/s473634/rareplanes-data/data --batch 32 --workers 4 --device 0 --imgsz 320 --seed 42

==============================================================================
[2026-06-19 17:22:18] START expC.py
==============================================================================
[2026-06-19 17:22:18] Created symlink: data -> /work/s473634/rareplanes-data/data

==============================================================================
[2026-06-19 17:22:18] Plan
==============================================================================
[2026-06-19 17:22:18] data_dir=/work/s473634/rareplanes-data/data
[2026-06-19 17:22:18] smoke=False
[2026-06-19 17:22:18] download_workers=32
[2026-06-19 17:22:18] batch=32, workers=4, imgsz=320, device=0
[2026-06-19 17:22:18] model=yolov10n.pt, seed=42
[2026-06-19 17:22:18] skip_download=False, skip_prepare=False, prepare_only=True
[2026-06-19 17:22:18] dry_run=False

==============================================================================
[2026-06-19 17:22:18] Downloading annotations
==============================================================================
[2026-06-19 17:22:18] [skip] /work/s473634/rareplanes-data/data/real/annotations/instances_train_aircraft.json exists
[2026-06-19 17:22:18] [skip] /work/s473634/rareplanes-data/data/real/annotations/instances_test_aircraft.json exists
[2026-06-19 17:22:18] [skip] /work/s473634/rareplanes-data/data/synthetic/annotations/instances_train_aircraft.json exists
[2026-06-19 17:22:18] [skip] /work/s473634/rareplanes-data/data/synthetic/annotations/instances_test_aircraft.json exists

==============================================================================
[2026-06-19 17:22:18] Downloading/extracting real train+test tiles
==============================================================================
[2026-06-19 17:22:18] [skip] /work/s473634/rareplanes-data/data/real/tarballs/train.tar.gz exists
[2026-06-19 17:22:18] [skip] /work/s473634/rareplanes-data/data/real/tarballs/test.tar.gz exists
[2026-06-19 17:22:18] [skip extract] real tiles already present: 8525

==============================================================================
[2026-06-19 17:22:18] Downloading synthetic 10k images
==============================================================================
Traceback (most recent call last):
  File "/work/s473634/rareplanes-domain-shift/src/expC.py", line 469, in <module>
    main()
  File "/work/s473634/rareplanes-domain-shift/src/expC.py", line 453, in main
    download_synthetic_10k(data_dir, args)
  File "/work/s473634/rareplanes-domain-shift/src/expC.py", line 236, in download_synthetic_10k
    files = synthetic_file_list()
            ^^^^^^^^^^^^^^^^^^^^^
  File "/work/s473634/rareplanes-domain-shift/src/expC.py", line 107, in synthetic_file_list
    with cfg.open() as f:
         ^^^^^^^^^^
  File "/home/s473634/.conda/envs/rareplanes/lib/python3.12/pathlib.py", line 1013, in open
    return io.open(self, mode, buffering, encoding, errors, newline)
           ^^^^^^^^^^^^^^^^^^^^^^^^^^^^^^^^^^^^^^^^^^^^^^^^^^^^^^^^^
FileNotFoundError: [Errno 2] No such file or directory: '/work/s473634/rareplanes-domain-shift/src/configs/synthetic_10k_train_files.txt'
