DATA_DIR=/work/s473634/rareplanes-data/data
CUDA_VISIBLE_DEVICES=0
Fri Jun 19 17:31:24 2026       
+-----------------------------------------------------------------------------------------+
| NVIDIA-SMI 575.57.08              Driver Version: 575.57.08      CUDA Version: 12.9     |
|-----------------------------------------+------------------------+----------------------+
| GPU  Name                 Persistence-M | Bus-Id          Disp.A | Volatile Uncorr. ECC |
| Fan  Temp   Perf          Pwr:Usage/Cap |           Memory-Usage | GPU-Util  Compute M. |
|                                         |                        |               MIG M. |
|=========================================+========================+======================|
|   0  NVIDIA GeForce RTX 4090        On  |   00000000:00:10.0 Off |                  Off |
|  0%   31C    P8             20W /  450W |       1MiB /  24564MiB |      0%      Default |
|                                         |                        |                  N/A |
+-----------------------------------------+------------------------+----------------------+
                                                                                         
+-----------------------------------------------------------------------------------------+
| Processes:                                                                              |
|  GPU   GI   CI              PID   Type   Process name                        GPU Memory |
|        ID   ID                                                               Usage      |
|=========================================================================================|
|  No running processes found                                                             |
+-----------------------------------------------------------------------------------------+
Python 3.12.13
torch: 2.5.1+cu121 cuda: True

==============================================================================
[2026-06-19 17:31:25] START train_final_model.py
==============================================================================

==============================================================================
[2026-06-19 17:31:26] Plan
==============================================================================
[2026-06-19 17:31:26] Final recipe = C(mixed real) + D(imgsz 320) + B2(noise-only files) + A1(weak HSV)
[2026-06-19 17:31:26] Real test holdout is used only by eval_per_size.py
[2026-06-19 17:31:26] data_dir=/work/s473634/rareplanes-data/data
[2026-06-19 17:31:26] smoke=True
[2026-06-19 17:31:26] run_name=final_yolov10n_syn1k_noise_real25pct_img320_hsvA1_ml
[2026-06-19 17:31:26] synthetic_src=data/yolo/synthetic_1k
[2026-06-19 17:31:26] noise_dataset=final_syn1k_b2_noise
[2026-06-19 17:31:26] mixed_dataset=final_mixed_syn1k_noise_real25pct
[2026-06-19 17:31:26] real_pct=25, noise_sigma=8.0
[2026-06-19 17:31:26] model=yolov10n.pt, epochs=3, batch=32, workers=4
[2026-06-19 17:31:26] device=0, imgsz=320, seed=42, cache=None
[2026-06-19 17:31:26] hsv_h=0.015, hsv_s=0.4, hsv_v=0.3
[2026-06-19 17:31:26] full_download_workers=32, min_full_synthetic_ratio=0.99
[2026-06-19 17:31:26] skip_prepare=False, skip_noise=False, skip_make=False, skip_train=False, skip_eval=False, dry_run=False

==============================================================================
[2026-06-19 17:31:26] Prepare base data
==============================================================================
[2026-06-19 17:31:26] [cmd] /home/s473634/.conda/envs/rareplanes/bin/python src/expC.py --prepare-only --data-dir /work/s473634/rareplanes-data/data --batch 32 --workers 4 --device 0 --imgsz 320 --seed 42

==============================================================================
[2026-06-19 17:31:26] START expC.py
==============================================================================

==============================================================================
[2026-06-19 17:31:26] Plan
==============================================================================
[2026-06-19 17:31:26] data_dir=/work/s473634/rareplanes-data/data
[2026-06-19 17:31:26] smoke=False
[2026-06-19 17:31:26] download_workers=32
[2026-06-19 17:31:26] batch=32, workers=4, imgsz=320, device=0
[2026-06-19 17:31:26] model=yolov10n.pt, seed=42
[2026-06-19 17:31:26] skip_download=False, skip_prepare=False, prepare_only=True
[2026-06-19 17:31:26] dry_run=False

==============================================================================
[2026-06-19 17:31:26] Downloading annotations
==============================================================================
[2026-06-19 17:31:26] [skip] /work/s473634/rareplanes-data/data/real/annotations/instances_train_aircraft.json exists
[2026-06-19 17:31:26] [skip] /work/s473634/rareplanes-data/data/real/annotations/instances_test_aircraft.json exists
[2026-06-19 17:31:26] [skip] /work/s473634/rareplanes-data/data/synthetic/annotations/instances_train_aircraft.json exists
[2026-06-19 17:31:26] [skip] /work/s473634/rareplanes-data/data/synthetic/annotations/instances_test_aircraft.json exists

==============================================================================
[2026-06-19 17:31:26] Downloading/extracting real train+test tiles
==============================================================================
[2026-06-19 17:31:26] [skip] /work/s473634/rareplanes-data/data/real/tarballs/train.tar.gz exists
[2026-06-19 17:31:26] [skip] /work/s473634/rareplanes-data/data/real/tarballs/test.tar.gz exists
[2026-06-19 17:31:26] [skip extract] real tiles already present: 8525

==============================================================================
[2026-06-19 17:31:26] Downloading synthetic 10k images
==============================================================================
[2026-06-19 17:31:26] synthetic files to check/download=11764
[2026-06-19 17:31:26] synthetic progress 1000/11764 ok=1000
[2026-06-19 17:31:26] synthetic progress 2000/11764 ok=2000
[2026-06-19 17:31:26] synthetic progress 3000/11764 ok=3000
[2026-06-19 17:31:26] synthetic progress 4000/11764 ok=4000
[2026-06-19 17:31:26] synthetic progress 5000/11764 ok=5000
[2026-06-19 17:31:26] synthetic progress 6000/11764 ok=6000
[2026-06-19 17:31:26] synthetic progress 7000/11764 ok=7000
[2026-06-19 17:31:26] synthetic progress 8000/11764 ok=8000
[2026-06-19 17:31:26] synthetic progress 9000/11764 ok=9000
[2026-06-19 17:31:26] synthetic progress 10000/11764 ok=10000
[2026-06-19 17:31:26] synthetic progress 11000/11764 ok=11000
[2026-06-19 17:31:26] synthetic progress 11764/11764 ok=11764
[2026-06-19 17:31:27] synthetic selected_ok=11764/11764 minimum=11646

==============================================================================
[2026-06-19 17:31:27] Preparing YOLO datasets
==============================================================================
[2026-06-19 17:31:27] [cmd] /home/s473634/.conda/envs/rareplanes/bin/python src/coco_to_yolo.py --domain synthetic --classes aircraft --val-frac 0.15 --seed 42
[synthetic/aircraft] train=10000 val=1764 test=0
  klasy (1): ['aircraft']
  -> /work/s473634/rareplanes-domain-shift/data/yolo/synthetic_aircraft/data.yaml
[2026-06-19 17:32:35] [cmd done] elapsed=68.3s
[2026-06-19 17:32:35] [cmd] /home/s473634/.conda/envs/rareplanes/bin/python src/coco_to_yolo.py --domain real --classes aircraft --val-frac 0.15 --seed 42
[real/aircraft] train=4943 val=872 test=2710
  klasy (1): ['aircraft']
  -> /work/s473634/rareplanes-domain-shift/data/yolo/real_aircraft/data.yaml
[2026-06-19 17:33:15] [cmd done] elapsed=40.2s
[2026-06-19 17:33:15] [cmd] /home/s473634/.conda/envs/rareplanes/bin/python src/make_subset.py --n-train 10000 --name synthetic_10k --seed 42
[synthetic_10k] train=10000 val=1764 -> /work/s473634/rareplanes-domain-shift/data/yolo/synthetic_10k/data.yaml
rozklad lotnisk (train):
   Atlanta_Airport         : 684
   Munich_Airport          : 677
   Newark_Airport          : 677
   Miami_Airport           : 676
   SaltLakeCity_Airport    : 676
   HongKong_Airport        : 673
   Zhukovsky_Airport       : 673
   Oulu_Airport            : 672
   Basel_Airport           : 672
   Unalaska_Airport        : 670
   Geneva_Airport          : 670
   Chicago_Airport         : 669
   SeoulIncheon_Airport    : 666
   London_Airport          : 665
   LosAngeles_Airport      : 580
[2026-06-19 17:33:44] [cmd done] elapsed=29.0s
[2026-06-19 17:33:44] [cmd] /home/s473634/.conda/envs/rareplanes/bin/python src/make_subset.py --n-train 1000 --name synthetic_1k --seed 42
[synthetic_1k] train=1000 val=176 -> /work/s473634/rareplanes-domain-shift/data/yolo/synthetic_1k/data.yaml
rozklad lotnisk (train):
   Atlanta_Airport         : 68
   SaltLakeCity_Airport    : 68
   Newark_Airport          : 68
   Munich_Airport          : 68
   Miami_Airport           : 68
   SeoulIncheon_Airport    : 67
   Geneva_Airport          : 67
   Basel_Airport           : 67
   HongKong_Airport        : 67
   Zhukovsky_Airport       : 67
   Unalaska_Airport        : 67
   Chicago_Airport         : 67
   Oulu_Airport            : 67
   London_Airport          : 66
   LosAngeles_Airport      : 58
[2026-06-19 17:33:47] [cmd done] elapsed=3.0s

==============================================================================
[2026-06-19 17:33:47] DONE prepare-only
==============================================================================
[2026-06-19 17:33:47] [cmd done] elapsed=141.5s

==============================================================================
[2026-06-19 17:33:47] Prepare full synthetic training set
==============================================================================
[2026-06-19 17:33:47] Skipping full synthetic preparation; synthetic_src is not the default full dataset

==============================================================================
[2026-06-19 17:33:47] Check required paths
==============================================================================
[2026-06-19 17:33:47] data/yolo/synthetic_1k/data.yaml [file] exists=True
[2026-06-19 17:33:47] data/yolo/synthetic_1k/images/train [dir] exists=True
[2026-06-19 17:33:47] data/yolo/synthetic_1k/images/val [dir] exists=True
[2026-06-19 17:33:47] data/yolo/real_aircraft/data.yaml [file] exists=True
[2026-06-19 17:33:47] data/yolo/real_aircraft/images/train [dir] exists=True
[2026-06-19 17:33:47] data/yolo/real_aircraft/images/val [dir] exists=True
[2026-06-19 17:33:47] data/real/PS-RGB_tiled/PS-RGB_tiled [dir] exists=True
[2026-06-19 17:33:47] data/real/annotations/instances_test_aircraft.json [file] exists=True
[2026-06-19 17:33:47] synthetic train PNG=1000
[2026-06-19 17:33:47] synthetic val PNG=176
[2026-06-19 17:33:47] real train PNG=4943
[2026-06-19 17:33:47] real val PNG=872
[2026-06-19 17:33:47] real holdout PNG=8525

==============================================================================
[2026-06-19 17:33:47] Apply experiment B2: materialized noise-only synthetic
==============================================================================
[2026-06-19 17:33:47] [cmd] /home/s473634/.conda/envs/rareplanes/bin/python src/make_frequency_degraded_dataset.py --src data/yolo/synthetic_1k --name final_syn1k_b2_noise --noise-sigma 8.0 --seed 42 --overwrite
[start] src=/work/s473634/rareplanes-data/data/yolo/synthetic_1k
[start] dst=/work/s473634/rareplanes-domain-shift/data/yolo/final_syn1k_b2_noise
[start] blur_radius<=0.0 noise_sigma<=8.0 jpeg_quality_min=None
[train] degradacja obrazow: 1000 -> /work/s473634/rareplanes-domain-shift/data/yolo/final_syn1k_b2_noise/images/train
[train] 250/1000
[train] 500/1000
[train] 750/1000
[train] 1000/1000
[val] degradacja obrazow: 176 -> /work/s473634/rareplanes-domain-shift/data/yolo/final_syn1k_b2_noise/images/val
[val] 176/176

[zapisano] /work/s473634/rareplanes-domain-shift/data/yolo/final_syn1k_b2_noise/data.yaml
  train: 1000 obrazow
  val: 176 obrazow
parametry:
  blur_radius<= 0.0
  noise_sigma<= 8.0
  jpeg_quality_min= None
[2026-06-19 17:42:46] [cmd done] elapsed=538.5s

==============================================================================
[2026-06-19 17:42:46] Apply experiment C: mixed synthetic + real
==============================================================================
[2026-06-19 17:42:46] [cmd] /home/s473634/.conda/envs/rareplanes/bin/python src/make_mixed_dataset.py --syn-src data/yolo/final_syn1k_b2_noise --real-src data/yolo/real_aircraft --name final_mixed_syn1k_noise_real25pct --real-frac 0.25 --seed 42 --overwrite
[zapisano] /work/s473634/rareplanes-domain-shift/data/yolo/final_mixed_syn1k_noise_real25pct/data.yaml
  train: synthetic=1000 real=1236/4943
  val: synthetic=176 real=218/872
UWAGA: real test nie zostal dolaczony do datasetu mixed.
[2026-06-19 17:42:47] [cmd done] elapsed=2.0s

==============================================================================
[2026-06-19 17:42:47] Train final model
==============================================================================
[2026-06-19 17:42:47] [cmd] /home/s473634/.conda/envs/rareplanes/bin/python src/train_yolo.py --data data/yolo/final_mixed_syn1k_noise_real25pct/data.yaml --name final_yolov10n_syn1k_noise_real25pct_img320_hsvA1_ml --model yolov10n.pt --epochs 3 --batch 32 --imgsz 320 --seed 42 --device 0 --workers 4 --patience 20 --hsv_h 0.015 --hsv_s 0.4 --hsv_v 0.3 --val-data data/yolo/final_mixed_syn1k_noise_real25pct/data.yaml
Ultralytics 8.4.71 рџљЂ Python-3.12.13 torch-2.5.1+cu121 CUDA:0 (NVIDIA GeForce RTX 4090, 24081MiB)
[34m[1mengine/trainer: [0magnostic_nms=False, amp=True, angle=1.0, augment=False, auto_augment=randaugment, batch=32, bgr=0.0, box=7.5, cache=None, cfg=None, classes=None, close_mosaic=10, cls=0.5, cls_pw=0.0, compile=False, conf=None, copy_paste=0.0, copy_paste_mode=flip, cos_lr=False, cutmix=0.0, data=data/yolo/final_mixed_syn1k_noise_real25pct/data.yaml, degrees=0.0, deterministic=True, device=0, dfl=1.5, dnn=False, dropout=0.0, dynamic=False, embed=None, end2end=None, epochs=3, erasing=0.4, exist_ok=True, fliplr=0.5, flipud=0.0, format=torchscript, fraction=1.0, freeze=None, half=False, hsv_h=0.015, hsv_s=0.4, hsv_v=0.3, imgsz=320, int8=False, iou=0.7, keras=False, kobj=1.0, line_width=None, lr0=0.01, lrf=0.01, mask_ratio=4, max_det=300, mixup=0.0, mode=train, model=yolov10n.pt, momentum=0.937, mosaic=1.0, multi_scale=0.0, name=final_yolov10n_syn1k_noise_real25pct_img320_hsvA1_ml, nbs=64, nms=False, opset=None, optimize=False, optimizer=auto, overlap_mask=True, patience=20, perspective=0.0, plots=True, pose=12.0, pretrained=True, profile=False, project=/work/s473634/rareplanes-domain-shift/runs, rect=False, resume=False, retina_masks=False, rle=1.0, save=True, save_conf=False, save_crop=False, save_dir=/work/s473634/rareplanes-domain-shift/runs/final_yolov10n_syn1k_noise_real25pct_img320_hsvA1_ml, save_frames=False, save_json=False, save_period=-1, save_txt=False, scale=0.5, seed=42, shear=0.0, show=False, show_boxes=True, show_conf=True, show_labels=True, simplify=True, single_cls=False, source=None, split=val, stream_buffer=False, task=detect, time=None, tracker=botsort.yaml, translate=0.1, val=True, verbose=True, vid_stride=1, visualize=False, warmup_bias_lr=0.1, warmup_epochs=3.0, warmup_momentum=0.8, weight_decay=0.0005, workers=4, workspace=None
Overriding model.yaml nc=80 with nc=1

                   from  n    params  module                                       arguments                     
  0                  -1  1       464  ultralytics.nn.modules.conv.Conv             [3, 16, 3, 2]                 
  1                  -1  1      4672  ultralytics.nn.modules.conv.Conv             [16, 32, 3, 2]                
  2                  -1  1      7360  ultralytics.nn.modules.block.C2f             [32, 32, 1, True]             
  3                  -1  1     18560  ultralytics.nn.modules.conv.Conv             [32, 64, 3, 2]                
  4                  -1  2     49664  ultralytics.nn.modules.block.C2f             [64, 64, 2, True]             
  5                  -1  1      9856  ultralytics.nn.modules.block.SCDown          [64, 128, 3, 2]               
  6                  -1  2    197632  ultralytics.nn.modules.block.C2f             [128, 128, 2, True]           
  7                  -1  1     36096  ultralytics.nn.modules.block.SCDown          [128, 256, 3, 2]              
  8                  -1  1    460288  ultralytics.nn.modules.block.C2f             [256, 256, 1, True]           
  9                  -1  1    164608  ultralytics.nn.modules.block.SPPF            [256, 256, 5]                 
 10                  -1  1    249728  ultralytics.nn.modules.block.PSA             [256, 256]                    
 11                  -1  1         0  torch.nn.modules.upsampling.Upsample         [None, 2, 'nearest']          
 12             [-1, 6]  1         0  ultralytics.nn.modules.conv.Concat           [1]                           
 13                  -1  1    148224  ultralytics.nn.modules.block.C2f             [384, 128, 1]                 
 14                  -1  1         0  torch.nn.modules.upsampling.Upsample         [None, 2, 'nearest']          
 15             [-1, 4]  1         0  ultralytics.nn.modules.conv.Concat           [1]                           
 16                  -1  1     37248  ultralytics.nn.modules.block.C2f             [192, 64, 1]                  
 17                  -1  1     36992  ultralytics.nn.modules.conv.Conv             [64, 64, 3, 2]                
 18            [-1, 13]  1         0  ultralytics.nn.modules.conv.Concat           [1]                           
 19                  -1  1    123648  ultralytics.nn.modules.block.C2f             [192, 128, 1]                 
 20                  -1  1     18048  ultralytics.nn.modules.block.SCDown          [128, 128, 3, 2]              
 21            [-1, 10]  1         0  ultralytics.nn.modules.conv.Concat           [1]                           
 22                  -1  1    282624  ultralytics.nn.modules.block.C2fCIB          [384, 256, 1, True, True]     
 23        [16, 19, 22]  1    861718  ultralytics.nn.modules.head.v10Detect        [1, [64, 128, 256]]           
YOLOv10n summary: 224 layers, 2,707,430 parameters, 2,707,414 gradients, 8.4 GFLOPs

Transferred 493/595 items from pretrained weights
Freezing layer 'model.23.dfl.conv.weight'
[34m[1mAMP: [0mrunning Automatic Mixed Precision (AMP) checks...
[34m[1mAMP: [0mchecks passed вњ…
[34m[1mtrain: [0mFast image access вњ… (ping: 0.0В±0.0 ms, read: 119.8В±32.3 MB/s, size: 308.1 KB)

[K[34m[1mtrain: [0mScanning /work/s473634/rareplanes-data/data/yolo/final_mixed_syn1k_noise_real25pct/labels/train... 55 images, 0 backgrounds, 0 corrupt: 2% в”Ђв”Ђв”Ђв”Ђв”Ђв”Ђв”Ђв”Ђв”Ђв”Ђв”Ђв”Ђ 55/2236 163.5it/s 0.1s<13.3s
[K[34m[1mtrain: [0mScanning /work/s473634/rareplanes-data/data/yolo/final_mixed_syn1k_noise_real25pct/labels/train... 120 images, 0 backgrounds, 0 corrupt: 5% в•ёв”Ђв”Ђв”Ђв”Ђв”Ђв”Ђв”Ђв”Ђв”Ђв”Ђв”Ђ 120/2236 308.8it/s 0.2s<6.9s
[K[34m[1mtrain: [0mScanning /work/s473634/rareplanes-data/data/yolo/final_mixed_syn1k_noise_real25pct/labels/train... 182 images, 0 backgrounds, 0 corrupt: 8% в•ёв”Ђв”Ђв”Ђв”Ђв”Ђв”Ђв”Ђв”Ђв”Ђв”Ђв”Ђ 182/2236 401.9it/s 0.3s<5.1s
[K[34m[1mtrain: [0mScanning /work/s473634/rareplanes-data/data/yolo/final_mixed_syn1k_noise_real25pct/labels/train... 242 images, 0 backgrounds, 0 corrupt: 10% в”Ѓв”Ђв”Ђв”Ђв”Ђв”Ђв”Ђв”Ђв”Ђв”Ђв”Ђв”Ђ 242/2236 457.2it/s 0.4s<4.4s
[K[34m[1mtrain: [0mScanning /work/s473634/rareplanes-data/data/yolo/final_mixed_syn1k_noise_real25pct/labels/train... 301 images, 0 backgrounds, 0 corrupt: 13% в”Ѓв•ёв”Ђв”Ђв”Ђв”Ђв”Ђв”Ђв”Ђв”Ђв”Ђв”Ђ 301/2236 492.5it/s 0.5s<3.9s
[K[34m[1mtrain: [0mScanning /work/s473634/rareplanes-data/data/yolo/final_mixed_syn1k_noise_real25pct/labels/train... 366 images, 0 backgrounds, 0 corrupt: 16% в”Ѓв•ёв”Ђв”Ђв”Ђв”Ђв”Ђв”Ђв”Ђв”Ђв”Ђв”Ђ 366/2236 524.9it/s 0.6s<3.6s
[K[34m[1mtrain: [0mScanning /work/s473634/rareplanes-data/data/yolo/final_mixed_syn1k_noise_real25pct/labels/train... 429 images, 0 backgrounds, 0 corrupt: 19% в”Ѓв”Ѓв”Ђв”Ђв”Ђв”Ђв”Ђв”Ђв”Ђв”Ђв”Ђв”Ђ 429/2236 544.4it/s 0.7s<3.3s
[K[34m[1mtrain: [0mScanning /work/s473634/rareplanes-data/data/yolo/final_mixed_syn1k_noise_real25pct/labels/train... 490 images, 0 backgrounds, 0 corrupt: 21% в”Ѓв”Ѓв•ёв”Ђв”Ђв”Ђв”Ђв”Ђв”Ђв”Ђв”Ђв”Ђ 490/2236 553.3it/s 0.8s<3.2s
[K[34m[1mtrain: [0mScanning /work/s473634/rareplanes-data/data/yolo/final_mixed_syn1k_noise_real25pct/labels/train... 562 images, 0 backgrounds, 0 corrupt: 25% в”Ѓв”Ѓв”Ѓв”Ђв”Ђв”Ђв”Ђв”Ђв”Ђв”Ђв”Ђв”Ђ 562/2236 596.6it/s 0.9s<2.8s
[K[34m[1mtrain: [0mScanning /work/s473634/rareplanes-data/data/yolo/final_mixed_syn1k_noise_real25pct/labels/train... 623 images, 0 backgrounds, 0 corrupt: 27% в”Ѓв”Ѓв”Ѓв”Ђв”Ђв”Ђв”Ђв”Ђв”Ђв”Ђв”Ђв”Ђ 623/2236 590.7it/s 1.0s<2.7s
[K[34m[1mtrain: [0mScanning /work/s473634/rareplanes-data/data/yolo/final_mixed_syn1k_noise_real25pct/labels/train... 683 images, 0 backgrounds, 0 corrupt: 30% в”Ѓв”Ѓв”Ѓв•ёв”Ђв”Ђв”Ђв”Ђв”Ђв”Ђв”Ђв”Ђ 683/2236 593.4it/s 1.1s<2.6s
[K[34m[1mtrain: [0mScanning /work/s473634/rareplanes-data/data/yolo/final_mixed_syn1k_noise_real25pct/labels/train... 743 images, 0 backgrounds, 0 corrupt: 33% в”Ѓв”Ѓв”Ѓв•ёв”Ђв”Ђв”Ђв”Ђв”Ђв”Ђв”Ђв”Ђ 743/2236 594.3it/s 1.2s<2.5s
[K[34m[1mtrain: [0mScanning /work/s473634/rareplanes-data/data/yolo/final_mixed_syn1k_noise_real25pct/labels/train... 806 images, 0 backgrounds, 0 corrupt: 36% в”Ѓв”Ѓв”Ѓв”Ѓв”Ђв”Ђв”Ђв”Ђв”Ђв”Ђв”Ђв”Ђ 806/2236 593.1it/s 1.3s<2.4s
[K[34m[1mtrain: [0mScanning /work/s473634/rareplanes-data/data/yolo/final_mixed_syn1k_noise_real25pct/labels/train... 870 images, 0 backgrounds, 0 corrupt: 38% в”Ѓв”Ѓв”Ѓв”Ѓв•ёв”Ђв”Ђв”Ђв”Ђв”Ђв”Ђв”Ђ 870/2236 607.1it/s 1.4s<2.2s
[K[34m[1mtrain: [0mScanning /work/s473634/rareplanes-data/data/yolo/final_mixed_syn1k_noise_real25pct/labels/train... 938 images, 0 backgrounds, 0 corrupt: 41% в”Ѓв”Ѓв”Ѓв”Ѓв”Ѓв”Ђв”Ђв”Ђв”Ђв”Ђв”Ђв”Ђ 938/2236 623.1it/s 1.5s<2.1s
[K[34m[1mtrain: [0mScanning /work/s473634/rareplanes-data/data/yolo/final_mixed_syn1k_noise_real25pct/labels/train... 1009 images, 0 backgrounds, 0 corrupt: 45% в”Ѓв”Ѓв”Ѓв”Ѓв”Ѓв”Ђв”Ђв”Ђв”Ђв”Ђв”Ђв”Ђ 1009/2236 644.5it/s 1.6s<1.9s
[K[34m[1mtrain: [0mScanning /work/s473634/rareplanes-data/data/yolo/final_mixed_syn1k_noise_real25pct/labels/train... 1075 images, 0 backgrounds, 0 corrupt: 48% в”Ѓв”Ѓв”Ѓв”Ѓв”Ѓв•ёв”Ђв”Ђв”Ђв”Ђв”Ђв”Ђ 1075/2236 642.7it/s 1.8s<1.8s
[K[34m[1mtrain: [0mScanning /work/s473634/rareplanes-data/data/yolo/final_mixed_syn1k_noise_real25pct/labels/train... 1140 images, 0 backgrounds, 0 corrupt: 50% в”Ѓв”Ѓв”Ѓв”Ѓв”Ѓв”Ѓв”Ђв”Ђв”Ђв”Ђв”Ђв”Ђ 1140/2236 644.5it/s 1.9s<1.7s
[K[34m[1mtrain: [0mScanning /work/s473634/rareplanes-data/data/yolo/final_mixed_syn1k_noise_real25pct/labels/train... 1202 images, 0 backgrounds, 0 corrupt: 53% в”Ѓв”Ѓв”Ѓв”Ѓв”Ѓв”Ѓв”Ђв”Ђв”Ђв”Ђв”Ђв”Ђ 1202/2236 630.3it/s 2.0s<1.6s
[K[34m[1mtrain: [0mScanning /work/s473634/rareplanes-data/data/yolo/final_mixed_syn1k_noise_real25pct/labels/train... 1258 images, 0 backgrounds, 0 corrupt: 56% в”Ѓв”Ѓв”Ѓв”Ѓв”Ѓв”Ѓв•ёв”Ђв”Ђв”Ђв”Ђв”Ђ 1258/2236 605.9it/s 2.1s<1.6s
[K[34m[1mtrain: [0mScanning /work/s473634/rareplanes-data/data/yolo/final_mixed_syn1k_noise_real25pct/labels/train... 1302 images, 0 backgrounds, 0 corrupt: 58% в”Ѓв”Ѓв”Ѓв”Ѓв”Ѓв”Ѓв•ёв”Ђв”Ђв”Ђв”Ђв”Ђ 1302/2236 550.4it/s 2.2s<1.7s
[K[34m[1mtrain: [0mScanning /work/s473634/rareplanes-data/data/yolo/final_mixed_syn1k_noise_real25pct/labels/train... 1349 images, 0 backgrounds, 0 corrupt: 60% в”Ѓв”Ѓв”Ѓв”Ѓв”Ѓв”Ѓв”Ѓв”Ђв”Ђв”Ђв”Ђв”Ђ 1349/2236 519.0it/s 2.3s<1.7s
[K[34m[1mtrain: [0mScanning /work/s473634/rareplanes-data/data/yolo/final_mixed_syn1k_noise_real25pct/labels/train... 1397 images, 0 backgrounds, 0 corrupt: 62% в”Ѓв”Ѓв”Ѓв”Ѓв”Ѓв”Ѓв”Ѓв”Ђв”Ђв”Ђв”Ђв”Ђ 1397/2236 501.0it/s 2.4s<1.7s
[K[34m[1mtrain: [0mScanning /work/s473634/rareplanes-data/data/yolo/final_mixed_syn1k_noise_real25pct/labels/train... 1442 images, 0 backgrounds, 0 corrupt: 64% в”Ѓв”Ѓв”Ѓв”Ѓв”Ѓв”Ѓв”Ѓв•ёв”Ђв”Ђв”Ђв”Ђ 1442/2236 482.3it/s 2.5s<1.6s
[K[34m[1mtrain: [0mScanning /work/s473634/rareplanes-data/data/yolo/final_mixed_syn1k_noise_real25pct/labels/train... 1490 images, 0 backgrounds, 0 corrupt: 66% в”Ѓв”Ѓв”Ѓв”Ѓв”Ѓв”Ѓв”Ѓв•ёв”Ђв”Ђв”Ђв”Ђ 1490/2236 468.0it/s 2.6s<1.6s
[K[34m[1mtrain: [0mScanning /work/s473634/rareplanes-data/data/yolo/final_mixed_syn1k_noise_real25pct/labels/train... 1538 images, 0 backgrounds, 0 corrupt: 68% в”Ѓв”Ѓв”Ѓв”Ѓв”Ѓв”Ѓв”Ѓв”Ѓв”Ђв”Ђв”Ђв”Ђ 1538/2236 467.3it/s 2.7s<1.5s
[K[34m[1mtrain: [0mScanning /work/s473634/rareplanes-data/data/yolo/final_mixed_syn1k_noise_real25pct/labels/train... 1584 images, 0 backgrounds, 0 corrupt: 70% в”Ѓв”Ѓв”Ѓв”Ѓв”Ѓв”Ѓв”Ѓв”Ѓв•ёв”Ђв”Ђв”Ђ 1584/2236 464.3it/s 2.8s<1.4s
[K[34m[1mtrain: [0mScanning /work/s473634/rareplanes-data/data/yolo/final_mixed_syn1k_noise_real25pct/labels/train... 1628 images, 0 backgrounds, 0 corrupt: 72% в”Ѓв”Ѓв”Ѓв”Ѓв”Ѓв”Ѓв”Ѓв”Ѓв•ёв”Ђв”Ђв”Ђ 1628/2236 452.6it/s 2.9s<1.3s
[K[34m[1mtrain: [0mScanning /work/s473634/rareplanes-data/data/yolo/final_mixed_syn1k_noise_real25pct/labels/train... 1674 images, 0 backgrounds, 0 corrupt: 74% в”Ѓв”Ѓв”Ѓв”Ѓв”Ѓв”Ѓв”Ѓв”Ѓв•ёв”Ђв”Ђв”Ђ 1674/2236 453.6it/s 3.0s<1.2s
[K[34m[1mtrain: [0mScanning /work/s473634/rareplanes-data/data/yolo/final_mixed_syn1k_noise_real25pct/labels/train... 1718 images, 0 backgrounds, 0 corrupt: 76% в”Ѓв”Ѓв”Ѓв”Ѓв”Ѓв”Ѓв”Ѓв”Ѓв”Ѓв”Ђв”Ђв”Ђ 1718/2236 444.5it/s 3.1s<1.2s
[K[34m[1mtrain: [0mScanning /work/s473634/rareplanes-data/data/yolo/final_mixed_syn1k_noise_real25pct/labels/train... 1766 images, 0 backgrounds, 0 corrupt: 78% в”Ѓв”Ѓв”Ѓв”Ѓв”Ѓв”Ѓв”Ѓв”Ѓв”Ѓв”Ђв”Ђв”Ђ 1766/2236 451.8it/s 3.2s<1.0s
[K[34m[1mtrain: [0mScanning /work/s473634/rareplanes-data/data/yolo/final_mixed_syn1k_noise_real25pct/labels/train... 1809 images, 0 backgrounds, 0 corrupt: 80% в”Ѓв”Ѓв”Ѓв”Ѓв”Ѓв”Ѓв”Ѓв”Ѓв”Ѓв•ёв”Ђв”Ђ 1809/2236 434.2it/s 3.3s<1.0s
[K[34m[1mtrain: [0mScanning /work/s473634/rareplanes-data/data/yolo/final_mixed_syn1k_noise_real25pct/labels/train... 1857 images, 0 backgrounds, 0 corrupt: 83% в”Ѓв”Ѓв”Ѓв”Ѓв”Ѓв”Ѓв”Ѓв”Ѓв”Ѓв•ёв”Ђв”Ђ 1857/2236 441.6it/s 3.4s<0.9s
[K[34m[1mtrain: [0mScanning /work/s473634/rareplanes-data/data/yolo/final_mixed_syn1k_noise_real25pct/labels/train... 1902 images, 0 backgrounds, 0 corrupt: 85% в”Ѓв”Ѓв”Ѓв”Ѓв”Ѓв”Ѓв”Ѓв”Ѓв”Ѓв”Ѓв”Ђв”Ђ 1902/2236 443.8it/s 3.5s<0.8s
[K[34m[1mtrain: [0mScanning /work/s473634/rareplanes-data/data/yolo/final_mixed_syn1k_noise_real25pct/labels/train... 1950 images, 0 backgrounds, 0 corrupt: 87% в”Ѓв”Ѓв”Ѓв”Ѓв”Ѓв”Ѓв”Ѓв”Ѓв”Ѓв”Ѓв”Ђв”Ђ 1950/2236 452.2it/s 3.6s<0.6s
[K[34m[1mtrain: [0mScanning /work/s473634/rareplanes-data/data/yolo/final_mixed_syn1k_noise_real25pct/labels/train... 1995 images, 0 backgrounds, 0 corrupt: 89% в”Ѓв”Ѓв”Ѓв”Ѓв”Ѓв”Ѓв”Ѓв”Ѓв”Ѓв”Ѓв•ёв”Ђ 1995/2236 447.5it/s 3.7s<0.5s
[K[34m[1mtrain: [0mScanning /work/s473634/rareplanes-data/data/yolo/final_mixed_syn1k_noise_real25pct/labels/train... 2046 images, 0 backgrounds, 0 corrupt: 91% в”Ѓв”Ѓв”Ѓв”Ѓв”Ѓв”Ѓв”Ѓв”Ѓв”Ѓв”Ѓв•ёв”Ђ 2046/2236 464.9it/s 3.8s<0.4s
[K[34m[1mtrain: [0mScanning /work/s473634/rareplanes-data/data/yolo/final_mixed_syn1k_noise_real25pct/labels/train... 2091 images, 0 backgrounds, 0 corrupt: 93% в”Ѓв”Ѓв”Ѓв”Ѓв”Ѓв”Ѓв”Ѓв”Ѓв”Ѓв”Ѓв”Ѓв”Ђ 2091/2236 452.6it/s 3.9s<0.3s
[K[34m[1mtrain: [0mScanning /work/s473634/rareplanes-data/data/yolo/final_mixed_syn1k_noise_real25pct/labels/train... 2138 images, 0 backgrounds, 0 corrupt: 95% в”Ѓв”Ѓв”Ѓв”Ѓв”Ѓв”Ѓв”Ѓв”Ѓв”Ѓв”Ѓв”Ѓв”Ђ 2138/2236 450.4it/s 4.0s<0.2s
[K[34m[1mtrain: [0mScanning /work/s473634/rareplanes-data/data/yolo/final_mixed_syn1k_noise_real25pct/labels/train... 2183 images, 0 backgrounds, 0 corrupt: 97% в”Ѓв”Ѓв”Ѓв”Ѓв”Ѓв”Ѓв”Ѓв”Ѓв”Ѓв”Ѓв”Ѓв•ё 2183/2236 448.0it/s 4.1s<0.1s
[K[34m[1mtrain: [0mScanning /work/s473634/rareplanes-data/data/yolo/final_mixed_syn1k_noise_real25pct/labels/train... 2236 images, 0 backgrounds, 0 corrupt: 100% в”Ѓв”Ѓв”Ѓв”Ѓв”Ѓв”Ѓв”Ѓв”Ѓв”Ѓв”Ѓв”Ѓв”Ѓ 2236/2236 528.1it/s 4.2s
[34m[1mtrain: [0mNew cache created: /work/s473634/rareplanes-data/data/yolo/final_mixed_syn1k_noise_real25pct/labels/train.cache
[34m[1mval: [0mFast image access вњ… (ping: 0.0В±0.0 ms, read: 7339.9В±7622.7 MB/s, size: 2790.5 KB)

[K[34m[1mval: [0mScanning /work/s473634/rareplanes-data/data/yolo/final_mixed_syn1k_noise_real25pct/labels/val... 46 images, 0 backgrounds, 0 corrupt: 11% в”Ѓв”Ђв”Ђв”Ђв”Ђв”Ђв”Ђв”Ђв”Ђв”Ђв”Ђв”Ђ 46/394 137.0it/s 0.1s<2.5s
[K[34m[1mval: [0mScanning /work/s473634/rareplanes-data/data/yolo/final_mixed_syn1k_noise_real25pct/labels/val... 108 images, 0 backgrounds, 0 corrupt: 27% в”Ѓв”Ѓв”Ѓв”Ђв”Ђв”Ђв”Ђв”Ђв”Ђв”Ђв”Ђв”Ђ 108/394 281.0it/s 0.2s<1.0s
[K[34m[1mval: [0mScanning /work/s473634/rareplanes-data/data/yolo/final_mixed_syn1k_noise_real25pct/labels/val... 169 images, 0 backgrounds, 0 corrupt: 42% в”Ѓв”Ѓв”Ѓв”Ѓв”Ѓв”Ђв”Ђв”Ђв”Ђв”Ђв”Ђв”Ђ 169/394 371.3it/s 0.3s<0.6s
[K[34m[1mval: [0mScanning /work/s473634/rareplanes-data/data/yolo/final_mixed_syn1k_noise_real25pct/labels/val... 221 images, 0 backgrounds, 0 corrupt: 56% в”Ѓв”Ѓв”Ѓв”Ѓв”Ѓв”Ѓв•ёв”Ђв”Ђв”Ђв”Ђв”Ђ 221/394 412.4it/s 0.4s<0.4s
[K[34m[1mval: [0mScanning /work/s473634/rareplanes-data/data/yolo/final_mixed_syn1k_noise_real25pct/labels/val... 262 images, 0 backgrounds, 0 corrupt: 66% в”Ѓв”Ѓв”Ѓв”Ѓв”Ѓв”Ѓв”Ѓв•ёв”Ђв”Ђв”Ђв”Ђ 262/394 409.0it/s 0.5s<0.3s
[K[34m[1mval: [0mScanning /work/s473634/rareplanes-data/data/yolo/final_mixed_syn1k_noise_real25pct/labels/val... 303 images, 0 backgrounds, 0 corrupt: 76% в”Ѓв”Ѓв”Ѓв”Ѓв”Ѓв”Ѓв”Ѓв”Ѓв”Ѓв”Ђв”Ђв”Ђ 303/394 401.2it/s 0.6s<0.2s
[K[34m[1mval: [0mScanning /work/s473634/rareplanes-data/data/yolo/final_mixed_syn1k_noise_real25pct/labels/val... 341 images, 0 backgrounds, 0 corrupt: 86% в”Ѓв”Ѓв”Ѓв”Ѓв”Ѓв”Ѓв”Ѓв”Ѓв”Ѓв”Ѓв”Ђв”Ђ 341/394 394.4it/s 0.7s<0.1s
[K[34m[1mval: [0mScanning /work/s473634/rareplanes-data/data/yolo/final_mixed_syn1k_noise_real25pct/labels/val... 386 images, 0 backgrounds, 0 corrupt: 97% в”Ѓв”Ѓв”Ѓв”Ѓв”Ѓв”Ѓв”Ѓв”Ѓв”Ѓв”Ѓв”Ѓв•ё 386/394 400.9it/s 0.8s<0.0s
[K[34m[1mval: [0mScanning /work/s473634/rareplanes-data/data/yolo/final_mixed_syn1k_noise_real25pct/labels/val... 394 images, 0 backgrounds, 0 corrupt: 100% в”Ѓв”Ѓв”Ѓв”Ѓв”Ѓв”Ѓв”Ѓв”Ѓв”Ѓв”Ѓв”Ѓв”Ѓ 394/394 473.5it/s 0.8s
[34m[1mval: [0mNew cache created: /work/s473634/rareplanes-data/data/yolo/final_mixed_syn1k_noise_real25pct/labels/val.cache
[34m[1moptimizer:[0m 'optimizer=auto' found, ignoring 'lr0=0.01' and 'momentum=0.937' and determining best 'optimizer', 'lr0' and 'momentum' automatically... 
[34m[1moptimizer:[0m AdamW(lr=0.002, momentum=0.9) with parameter groups 95 weight(decay=0.0), 108 weight(decay=0.0005), 107 bias(decay=0.0)
Plotting labels to /work/s473634/rareplanes-domain-shift/runs/final_yolov10n_syn1k_noise_real25pct_img320_hsvA1_ml/labels.jpg... 
Image sizes 320 train, 320 val
Using 4 dataloader workers
Logging results to [1m/work/s473634/rareplanes-domain-shift/runs/final_yolov10n_syn1k_noise_real25pct_img320_hsvA1_ml[0m
Starting training for 3 epochs...

      Epoch    GPU_mem   box_loss   cls_loss   dfl_loss  Instances       Size

[K        1/3      1.47G        2.8      3.906      1.376        375        320: 0% в”Ђв”Ђв”Ђв”Ђв”Ђв”Ђв”Ђв”Ђв”Ђв”Ђв”Ђв”Ђ 0/70  1.6s
[K        1/3      1.47G      2.947      3.993      1.313        314        320: 1% в”Ђв”Ђв”Ђв”Ђв”Ђв”Ђв”Ђв”Ђв”Ђв”Ђв”Ђв”Ђ 1/70 2.3it/s 1.7s<29.7s
[K        1/3      1.47G      2.852      3.971      1.326        398        320: 2% в”Ђв”Ђв”Ђв”Ђв”Ђв”Ђв”Ђв”Ђв”Ђв”Ђв”Ђв”Ђ 2/70 3.9it/s 1.9s<17.5s
[K        1/3      1.47G      2.887      3.946      1.318        440        320: 4% в•ёв”Ђв”Ђв”Ђв”Ђв”Ђв”Ђв”Ђв”Ђв”Ђв”Ђв”Ђ 3/70 5.3it/s 2.0s<12.6s
[K        1/3      1.47G      2.839      3.942      1.299        363        320: 7% в•ёв”Ђв”Ђв”Ђв”Ђв”Ђв”Ђв”Ђв”Ђв”Ђв”Ђв”Ђ 5/70 6.9it/s 2.2s<9.5s
[K        1/3      1.47G      2.829      3.958      1.299        298        320: 8% в”Ѓв”Ђв”Ђв”Ђв”Ђв”Ђв”Ђв”Ђв”Ђв”Ђв”Ђв”Ђ 6/70 6.3it/s 2.4s<10.2s
[K        1/3      1.49G      2.797      3.961      1.288        265        320: 10% в”Ѓв”Ђв”Ђв”Ђв”Ђв”Ђв”Ђв”Ђв”Ђв”Ђв”Ђв”Ђ 7/70 6.8it/s 2.5s<9.3s
[K        1/3      1.49G      2.783       3.95      1.286        336        320: 11% в”Ѓв”Ђв”Ђв”Ђв”Ђв”Ђв”Ђв”Ђв”Ђв”Ђв”Ђв”Ђ 8/70 7.5it/s 2.6s<8.3s
[K        1/3      1.49G      2.746      3.936      1.275        324        320: 12% в”Ѓв•ёв”Ђв”Ђв”Ђв”Ђв”Ђв”Ђв”Ђв”Ђв”Ђв”Ђ 9/70 7.8it/s 2.7s<7.8s
[K        1/3      1.49G      2.718      3.924      1.263        314        320: 14% в”Ѓв•ёв”Ђв”Ђв”Ђв”Ђв”Ђв”Ђв”Ђв”Ђв”Ђв”Ђ 10/70 7.9it/s 2.9s<7.6s
[K        1/3      1.49G      2.691      3.908      1.248        312        320: 15% в”Ѓв•ёв”Ђв”Ђв”Ђв”Ђв”Ђв”Ђв”Ђв”Ђв”Ђв”Ђ 11/70 8.3it/s 3.0s<7.1s
[K        1/3      1.49G      2.642      3.888      1.233        317        320: 17% в”Ѓв”Ѓв”Ђв”Ђв”Ђв”Ђв”Ђв”Ђв”Ђв”Ђв”Ђв”Ђ 12/70 8.4it/s 3.1s<6.9s
[K        1/3      1.54G      2.621      3.868      1.218        426        320: 18% в”Ѓв”Ѓв”Ђв”Ђв”Ђв”Ђв”Ђв”Ђв”Ђв”Ђв”Ђв”Ђ 13/70 8.2it/s 3.2s<6.9s
[K        1/3      1.54G      2.597      3.847      1.206        402        320: 20% в”Ѓв”Ѓв”Ђв”Ђв”Ђв”Ђв”Ђв”Ђв”Ђв”Ђв”Ђв”Ђ 14/70 8.3it/s 3.3s<6.8s
[K        1/3      1.54G      2.577       3.82      1.193        405        320: 21% в”Ѓв”Ѓв•ёв”Ђв”Ђв”Ђв”Ђв”Ђв”Ђв”Ђв”Ђв”Ђ 15/70 8.3it/s 3.5s<6.6s
[K        1/3      1.59G      2.553      3.792      1.181        376        320: 22% в”Ѓв”Ѓв•ёв”Ђв”Ђв”Ђв”Ђв”Ђв”Ђв”Ђв”Ђв”Ђ 16/70 8.7it/s 3.6s<6.2s
[K        1/3      1.59G      2.534      3.762      1.169        270        320: 24% в”Ѓв”Ѓв•ёв”Ђв”Ђв”Ђв”Ђв”Ђв”Ђв”Ђв”Ђв”Ђ 17/70 8.5it/s 3.7s<6.2s
[K        1/3      1.59G      2.515      3.732       1.16        381        320: 25% в”Ѓв”Ѓв”Ѓв”Ђв”Ђв”Ђв”Ђв”Ђв”Ђв”Ђв”Ђв”Ђ 18/70 8.2it/s 3.8s<6.4s
[K        1/3      1.59G      2.493      3.702      1.148        311        320: 27% в”Ѓв”Ѓв”Ѓв”Ђв”Ђв”Ђв”Ђв”Ђв”Ђв”Ђв”Ђв”Ђ 19/70 8.1it/s 3.9s<6.3s
[K        1/3      1.59G      2.477      3.669      1.139        391        320: 28% в”Ѓв”Ѓв”Ѓв”Ђв”Ђв”Ђв”Ђв”Ђв”Ђв”Ђв”Ђв”Ђ 20/70 7.8it/s 4.1s<6.4s
[K        1/3      1.59G      2.466      3.638       1.13        351        320: 30% в”Ѓв”Ѓв”Ѓв•ёв”Ђв”Ђв”Ђв”Ђв”Ђв”Ђв”Ђв”Ђ 21/70 7.9it/s 4.2s<6.2s
[K        1/3      1.59G       2.45      3.603       1.12        482        320: 31% в”Ѓв”Ѓв”Ѓв•ёв”Ђв”Ђв”Ђв”Ђв”Ђв”Ђв”Ђв”Ђ 22/70 8.1it/s 4.3s<6.0s
[K        1/3      1.59G      2.439      3.563      1.115        343        320: 32% в”Ѓв”Ѓв”Ѓв•ёв”Ђв”Ђв”Ђв”Ђв”Ђв”Ђв”Ђв”Ђ 23/70 7.8it/s 4.5s<6.1s
[K        1/3      1.59G      2.427      3.524      1.107        367        320: 34% в”Ѓв”Ѓв”Ѓв”Ѓв”Ђв”Ђв”Ђв”Ђв”Ђв”Ђв”Ђв”Ђ 24/70 7.8it/s 4.6s<5.9s
[K        1/3      1.59G      2.406      3.442      1.094        324        320: 37% в”Ѓв”Ѓв”Ѓв”Ѓв”Ђв”Ђв”Ђв”Ђв”Ђв”Ђв”Ђв”Ђ 26/70 9.3it/s 4.8s<4.7s
[K        1/3      1.59G       2.39      3.364      1.084        329        320: 40% в”Ѓв”Ѓв”Ѓв”Ѓв•ёв”Ђв”Ђв”Ђв”Ђв”Ђв”Ђв”Ђ 28/70 10.9it/s 4.9s<3.8s
[K        1/3      1.59G       2.38      3.297      1.075        441        320: 42% в”Ѓв”Ѓв”Ѓв”Ѓв”Ѓв”Ђв”Ђв”Ђв”Ђв”Ђв”Ђв”Ђ 30/70 12.7it/s 5.0s<3.1s
[K        1/3      1.59G      2.367      3.226      1.067        375        320: 45% в”Ѓв”Ѓв”Ѓв”Ѓв”Ѓв”Ђв”Ђв”Ђв”Ђв”Ђв”Ђв”Ђ 32/70 9.9it/s 5.6s<3.8s
[K        1/3      1.59G      2.355      3.158      1.061        389        320: 48% в”Ѓв”Ѓв”Ѓв”Ѓв”Ѓв•ёв”Ђв”Ђв”Ђв”Ђв”Ђв”Ђ 34/70 12.0it/s 5.7s<3.0s
[K        1/3      1.59G      2.337      3.091      1.053        376        320: 51% в”Ѓв”Ѓв”Ѓв”Ѓв”Ѓв”Ѓв”Ђв”Ђв”Ђв”Ђв”Ђв”Ђ 36/70 10.4it/s 6.0s<3.3s
[K        1/3      1.59G      2.335      3.034      1.048        462        320: 54% в”Ѓв”Ѓв”Ѓв”Ѓв”Ѓв”Ѓв•ёв”Ђв”Ђв”Ђв”Ђв”Ђ 38/70 12.4it/s 6.2s<2.6s
[K        1/3      1.59G      2.325      2.977      1.041        476        320: 57% в”Ѓв”Ѓв”Ѓв”Ѓв”Ѓв”Ѓв•ёв”Ђв”Ђв”Ђв”Ђв”Ђ 40/70 11.2it/s 6.4s<2.7s
[K        1/3      1.59G      2.313      2.922      1.036        323        320: 60% в”Ѓв”Ѓв”Ѓв”Ѓв”Ѓв”Ѓв”Ѓв”Ђв”Ђв”Ђв”Ђв”Ђ 42/70 13.1it/s 6.5s<2.1s
[K        1/3      1.59G        2.3      2.868      1.032        382        320: 62% в”Ѓв”Ѓв”Ѓв”Ѓв”Ѓв”Ѓв”Ѓв•ёв”Ђв”Ђв”Ђв”Ђ 44/70 11.0it/s 6.8s<2.4s
[K        1/3      1.59G      2.292      2.823      1.028        375        320: 65% в”Ѓв”Ѓв”Ѓв”Ѓв”Ѓв”Ѓв”Ѓв•ёв”Ђв”Ђв”Ђв”Ђ 46/70 12.9it/s 7.0s<1.9s
[K        1/3      1.59G      2.281      2.779      1.024        472        320: 68% в”Ѓв”Ѓв”Ѓв”Ѓв”Ѓв”Ѓв”Ѓв”Ѓв”Ђв”Ђв”Ђв”Ђ 48/70 10.5it/s 7.4s<2.1s
[K        1/3      1.59G      2.271      2.735      1.021        393        320: 71% в”Ѓв”Ѓв”Ѓв”Ѓв”Ѓв”Ѓв”Ѓв”Ѓв•ёв”Ђв”Ђв”Ђ 50/70 12.5it/s 7.5s<1.6s
[K        1/3      1.65G      2.265      2.698      1.019        451        320: 74% в”Ѓв”Ѓв”Ѓв”Ѓв”Ѓв”Ѓв”Ѓв”Ѓв•ёв”Ђв”Ђв”Ђ 52/70 10.7it/s 7.8s<1.7s
[K        1/3      1.65G      2.257      2.659      1.015        313        320: 77% в”Ѓв”Ѓв”Ѓв”Ѓв”Ѓв”Ѓв”Ѓв”Ѓв”Ѓв”Ђв”Ђв”Ђ 54/70 12.7it/s 7.9s<1.3s
[K        1/3      1.65G      2.252      2.623      1.012        436        320: 80% в”Ѓв”Ѓв”Ѓв”Ѓв”Ѓв”Ѓв”Ѓв”Ѓв”Ѓв•ёв”Ђв”Ђ 56/70 11.4it/s 8.2s<1.2s
[K        1/3      1.65G      2.243      2.591      1.009        289        320: 82% в”Ѓв”Ѓв”Ѓв”Ѓв”Ѓв”Ѓв”Ѓв”Ѓв”Ѓв•ёв”Ђв”Ђ 58/70 11.3it/s 8.3s<1.1s
[K        1/3      1.65G      2.235      2.559      1.007        391        320: 85% в”Ѓв”Ѓв”Ѓв”Ѓв”Ѓв”Ѓв”Ѓв”Ѓв”Ѓв”Ѓв”Ђв”Ђ 60/70 10.1it/s 8.6s<1.0s
[K        1/3      1.65G      2.227      2.528      1.004        326        320: 88% в”Ѓв”Ѓв”Ѓв”Ѓв”Ѓв”Ѓв”Ѓв”Ѓв”Ѓв”Ѓв•ёв”Ђ 62/70 10.5it/s 8.8s<0.8s
[K        1/3      1.65G       2.22        2.5      1.003        403        320: 91% в”Ѓв”Ѓв”Ѓв”Ѓв”Ѓв”Ѓв”Ѓв”Ѓв”Ѓв”Ѓв•ёв”Ђ 64/70 9.9it/s 9.0s<0.6s
[K        1/3      1.65G       2.21      2.474      1.001        229        320: 94% в”Ѓв”Ѓв”Ѓв”Ѓв”Ѓв”Ѓв”Ѓв”Ѓв”Ѓв”Ѓв”Ѓв”Ђ 66/70 9.3it/s 9.3s<0.4s
[K        1/3      1.65G      2.207      2.447     0.9985        377        320: 97% в”Ѓв”Ѓв”Ѓв”Ѓв”Ѓв”Ѓв”Ѓв”Ѓв”Ѓв”Ѓв”Ѓв•ё 68/70 10.5it/s 9.4s<0.2s
[K        1/3      1.65G      2.208      2.436     0.9976        292        320: 98% в”Ѓв”Ѓв”Ѓв”Ѓв”Ѓв”Ѓв”Ѓв”Ѓв”Ѓв”Ѓв”Ѓв•ё 69/70 9.3it/s 9.6s<0.1s
[K        1/3      1.65G      2.208      2.436     0.9976        292        320: 100% в”Ѓв”Ѓв”Ѓв”Ѓв”Ѓв”Ѓв”Ѓв”Ѓв”Ѓв”Ѓв”Ѓв”Ѓ 70/70 7.3it/s 9.6s

[K                 Class     Images  Instances      Box(P          R      mAP50  mAP50-95): 14% в”Ѓв•ёв”Ђв”Ђв”Ђв”Ђв”Ђв”Ђв”Ђв”Ђв”Ђв”Ђ 1/7 1.3it/s 0.2s<4.8s
[K                 Class     Images  Instances      Box(P          R      mAP50  mAP50-95): 42% в”Ѓв”Ѓв”Ѓв”Ѓв”Ѓв”Ђв”Ђв”Ђв”Ђв”Ђв”Ђв”Ђ 3/7 3.9it/s 0.4s<1.0s
[K                 Class     Images  Instances      Box(P          R      mAP50  mAP50-95): 71% в”Ѓв”Ѓв”Ѓв”Ѓв”Ѓв”Ѓв”Ѓв”Ѓв•ёв”Ђв”Ђв”Ђ 5/7 7.2it/s 0.6s<0.3s
[K                 Class     Images  Instances      Box(P          R      mAP50  mAP50-95): 100% в”Ѓв”Ѓв”Ѓв”Ѓв”Ѓв”Ѓв”Ѓв”Ѓв”Ѓв”Ѓв”Ѓв”Ѓ 7/7 9.9it/s 0.7s
                   all        394       2897     0.0164      0.671     0.0926     0.0496

      Epoch    GPU_mem   box_loss   cls_loss   dfl_loss  Instances       Size

[K        2/3       1.8G      1.943      1.661     0.9428        330        320: 1% в”Ђв”Ђв”Ђв”Ђв”Ђв”Ђв”Ђв”Ђв”Ђв”Ђв”Ђв”Ђ 1/70 1.9it/s 0.2s<36.1s
[K        2/3       1.8G      2.035      1.616     0.9314        440        320: 4% в•ёв”Ђв”Ђв”Ђв”Ђв”Ђв”Ђв”Ђв”Ђв”Ђв”Ђв”Ђ 3/70 6.1it/s 0.3s<10.9s
[K        2/3       1.8G      2.084      1.611     0.9298        469        320: 7% в•ёв”Ђв”Ђв”Ђв”Ђв”Ђв”Ђв”Ђв”Ђв”Ђв”Ђв”Ђ 5/70 8.9it/s 0.4s<7.3s
[K        2/3       1.8G      2.051      1.604     0.9367        258        320: 10% в”Ѓв”Ђв”Ђв”Ђв”Ђв”Ђв”Ђв”Ђв”Ђв”Ђв”Ђв”Ђ 7/70 11.1it/s 0.5s<5.7s
[K        2/3       1.8G      2.045      1.603     0.9443        376        320: 12% в”Ѓв•ёв”Ђв”Ђв”Ђв”Ђв”Ђв”Ђв”Ђв”Ђв”Ђв”Ђ 9/70 12.6it/s 0.7s<4.8s
[K        2/3       1.8G      2.057      1.602     0.9443        305        320: 15% в”Ѓв•ёв”Ђв”Ђв”Ђв”Ђв”Ђв”Ђв”Ђв”Ђв”Ђв”Ђ 11/70 13.5it/s 0.8s<4.4s
[K        2/3       1.8G       2.06       1.58     0.9436        431        320: 18% в”Ѓв”Ѓв”Ђв”Ђв”Ђв”Ђв”Ђв”Ђв”Ђв”Ђв”Ђв”Ђ 13/70 14.4it/s 0.9s<4.0s
[K        2/3       1.8G      2.058      1.575     0.9462        377        320: 21% в”Ѓв”Ѓв•ёв”Ђв”Ђв”Ђв”Ђв”Ђв”Ђв”Ђв”Ђв”Ђ 15/70 14.2it/s 1.1s<3.9s
[K        2/3       1.8G      2.052      1.567     0.9473        327        320: 22% в”Ѓв”Ѓв•ёв”Ђв”Ђв”Ђв”Ђв”Ђв”Ђв”Ђв”Ђв”Ђ 16/70 10.8it/s 1.4s<5.0s
[K        2/3       1.8G      2.036      1.551     0.9481        375        320: 25% в”Ѓв”Ѓв”Ѓв”Ђв”Ђв”Ђв”Ђв”Ђв”Ђв”Ђв”Ђв”Ђ 18/70 11.3it/s 1.6s<4.6s
[K        2/3       1.8G      2.033      1.539     0.9471        283        320: 28% в”Ѓв”Ѓв”Ѓв”Ђв”Ђв”Ђв”Ђв”Ђв”Ђв”Ђв”Ђв”Ђ 20/70 10.7it/s 1.8s<4.7s
[K        2/3       1.8G      2.038      1.535     0.9502        348        320: 31% в”Ѓв”Ѓв”Ѓв•ёв”Ђв”Ђв”Ђв”Ђв”Ђв”Ђв”Ђв”Ђ 22/70 10.7it/s 2.0s<4.5s
[K        2/3       1.8G      2.049      1.536     0.9516        367        320: 34% в”Ѓв”Ѓв”Ѓв”Ѓв”Ђв”Ђв”Ђв”Ђв”Ђв”Ђв”Ђв”Ђ 24/70 11.5it/s 2.1s<4.0s
[K        2/3       1.8G      2.044      1.533     0.9523        324        320: 35% в”Ѓв”Ѓв”Ѓв”Ѓв”Ђв”Ђв”Ђв”Ђв”Ђв”Ђв”Ђв”Ђ 25/70 9.2it/s 2.4s<4.9s
[K        2/3       1.8G      2.041      1.523     0.9521        341        320: 38% в”Ѓв”Ѓв”Ѓв”Ѓв•ёв”Ђв”Ђв”Ђв”Ђв”Ђв”Ђв”Ђ 27/70 11.4it/s 2.5s<3.8s
[K        2/3       1.8G      2.048      1.527     0.9544        281        320: 41% в”Ѓв”Ѓв”Ѓв”Ѓв•ёв”Ђв”Ђв”Ђв”Ђв”Ђв”Ђв”Ђ 29/70 9.5it/s 2.9s<4.3s
[K        2/3       1.8G      2.047      1.516      0.953        404        320: 44% в”Ѓв”Ѓв”Ѓв”Ѓв”Ѓв”Ђв”Ђв”Ђв”Ђв”Ђв”Ђв”Ђ 31/70 11.5it/s 3.0s<3.4s
[K        2/3       1.8G      2.043      1.511     0.9525        327        320: 47% в”Ѓв”Ѓв”Ѓв”Ѓв”Ѓв•ёв”Ђв”Ђв”Ђв”Ђв”Ђв”Ђ 33/70 9.3it/s 3.5s<4.0s
[K        2/3       1.8G      2.044      1.507     0.9516        339        320: 50% в”Ѓв”Ѓв”Ѓв”Ѓв”Ѓв”Ѓв”Ђв”Ђв”Ђв”Ђв”Ђв”Ђ 35/70 12.2it/s 3.6s<2.9s
[K        2/3      1.81G      2.039      1.499      0.951        379        320: 52% в”Ѓв”Ѓв”Ѓв”Ѓв”Ѓв”Ѓв”Ђв”Ђв”Ђв”Ђв”Ђв”Ђ 37/70 9.8it/s 4.1s<3.4s
[K        2/3      1.81G      2.039      1.492     0.9515        335        320: 55% в”Ѓв”Ѓв”Ѓв”Ѓв”Ѓв”Ѓв•ёв”Ђв”Ђв”Ђв”Ђв”Ђ 39/70 12.6it/s 4.2s<2.5s
[K        2/3      1.81G       2.04      1.489     0.9522        234        320: 58% в”Ѓв”Ѓв”Ѓв”Ѓв”Ѓв”Ѓв”Ѓв”Ђв”Ђв”Ђв”Ђв”Ђ 41/70 10.4it/s 4.6s<2.8s
[K        2/3      1.81G      2.034      1.479     0.9516        305        320: 61% в”Ѓв”Ѓв”Ѓв”Ѓв”Ѓв”Ѓв”Ѓв”Ђв”Ђв”Ђв”Ђв”Ђ 43/70 13.0it/s 4.7s<2.1s
[K        2/3      1.81G      2.029      1.472      0.951        360        320: 64% в”Ѓв”Ѓв”Ѓв”Ѓв”Ѓв”Ѓв”Ѓв•ёв”Ђв”Ђв”Ђв”Ђ 45/70 10.7it/s 5.0s<2.3s
[K        2/3      1.81G      2.026      1.466     0.9517        431        320: 67% в”Ѓв”Ѓв”Ѓв”Ѓв”Ѓв”Ѓв”Ѓв”Ѓв”Ђв”Ђв”Ђв”Ђ 47/70 12.9it/s 5.1s<1.8s
[K        2/3      1.81G      2.024      1.462     0.9517        418        320: 70% в”Ѓв”Ѓв”Ѓв”Ѓв”Ѓв”Ѓв”Ѓв”Ѓв”Ђв”Ђв”Ђв”Ђ 49/70 10.6it/s 5.5s<2.0s
[K        2/3      1.81G      2.025      1.456     0.9525        368        320: 72% в”Ѓв”Ѓв”Ѓв”Ѓв”Ѓв”Ѓв”Ѓв”Ѓв•ёв”Ђв”Ђв”Ђ 51/70 13.0it/s 5.6s<1.5s
[K        2/3      1.81G      2.031      1.453     0.9521        351        320: 75% в”Ѓв”Ѓв”Ѓв”Ѓв”Ѓв”Ѓв”Ѓв”Ѓв”Ѓв”Ђв”Ђв”Ђ 53/70 10.4it/s 6.1s<1.6s
[K        2/3      1.81G       2.03      1.446     0.9526        362        320: 78% в”Ѓв”Ѓв”Ѓв”Ѓв”Ѓв”Ѓв”Ѓв”Ѓв”Ѓв”Ђв”Ђв”Ђ 55/70 12.8it/s 6.2s<1.2s
[K        2/3      1.81G      2.028      1.441     0.9526        373        320: 81% в”Ѓв”Ѓв”Ѓв”Ѓв”Ѓв”Ѓв”Ѓв”Ѓв”Ѓв•ёв”Ђв”Ђ 57/70 10.8it/s 6.6s<1.2s
[K        2/3      1.81G      2.033      1.438      0.952        398        320: 84% в”Ѓв”Ѓв”Ѓв”Ѓв”Ѓв”Ѓв”Ѓв”Ѓв”Ѓв”Ѓв”Ђв”Ђ 59/70 13.2it/s 6.7s<0.8s
[K        2/3      1.81G      2.034      1.434     0.9523        364        320: 87% в”Ѓв”Ѓв”Ѓв”Ѓв”Ѓв”Ѓв”Ѓв”Ѓв”Ѓв”Ѓв”Ђв”Ђ 61/70 10.9it/s 7.0s<0.8s
[K        2/3      1.81G      2.031      1.428     0.9516        463        320: 90% в”Ѓв”Ѓв”Ѓв”Ѓв”Ѓв”Ѓв”Ѓв”Ѓв”Ѓв”Ѓв•ёв”Ђ 63/70 13.2it/s 7.1s<0.5s
[K        2/3      1.81G      2.027      1.421      0.951        406        320: 92% в”Ѓв”Ѓв”Ѓв”Ѓв”Ѓв”Ѓв”Ѓв”Ѓв”Ѓв”Ѓв”Ѓв”Ђ 65/70 11.0it/s 7.5s<0.5s
[K        2/3      1.81G      2.023      1.416     0.9513        294        320: 95% в”Ѓв”Ѓв”Ѓв”Ѓв”Ѓв”Ѓв”Ѓв”Ѓв”Ѓв”Ѓв”Ѓв”Ђ 67/70 13.2it/s 7.6s<0.2s
[K        2/3      1.81G      2.022      1.412     0.9507        300        320: 98% в”Ѓв”Ѓв”Ѓв”Ѓв”Ѓв”Ѓв”Ѓв”Ѓв”Ѓв”Ѓв”Ѓв•ё 69/70 12.4it/s 7.8s<0.1s
[K        2/3      1.81G      2.022      1.412     0.9507        300        320: 100% в”Ѓв”Ѓв”Ѓв”Ѓв”Ѓв”Ѓв”Ѓв”Ѓв”Ѓв”Ѓв”Ѓв”Ѓ 70/70 9.0it/s 7.8s

[K                 Class     Images  Instances      Box(P          R      mAP50  mAP50-95): 28% в”Ѓв”Ѓв”Ѓв”Ђв”Ђв”Ђв”Ђв”Ђв”Ђв”Ђв”Ђв”Ђ 2/7 4.1it/s 0.1s<1.2s
[K                 Class     Images  Instances      Box(P          R      mAP50  mAP50-95): 57% в”Ѓв”Ѓв”Ѓв”Ѓв”Ѓв”Ѓв•ёв”Ђв”Ђв”Ђв”Ђв”Ђ 4/7 6.9it/s 0.3s<0.4s
[K                 Class     Images  Instances      Box(P          R      mAP50  mAP50-95): 85% в”Ѓв”Ѓв”Ѓв”Ѓв”Ѓв”Ѓв”Ѓв”Ѓв”Ѓв”Ѓв”Ђв”Ђ 6/7 8.9it/s 0.4s<0.1s
[K                 Class     Images  Instances      Box(P          R      mAP50  mAP50-95): 100% в”Ѓв”Ѓв”Ѓв”Ѓв”Ѓв”Ѓв”Ѓв”Ѓв”Ѓв”Ѓв”Ѓв”Ѓ 7/7 14.9it/s 0.5s
                   all        394       2897      0.786      0.594      0.679      0.393

      Epoch    GPU_mem   box_loss   cls_loss   dfl_loss  Instances       Size

[K        3/3      1.81G       1.83       1.17     0.9303        346        320: 0% в”Ђв”Ђв”Ђв”Ђв”Ђв”Ђв”Ђв”Ђв”Ђв”Ђв”Ђв”Ђ 0/70  0.1s
[K        3/3      1.81G      1.852      1.191     0.9385        349        320: 2% в”Ђв”Ђв”Ђв”Ђв”Ђв”Ђв”Ђв”Ђв”Ђв”Ђв”Ђв”Ђ 2/70 4.7it/s 0.3s<14.4s
[K        3/3      1.81G       1.89      1.203     0.9344        399        320: 5% в•ёв”Ђв”Ђв”Ђв”Ђв”Ђв”Ђв”Ђв”Ђв”Ђв”Ђв”Ђ 4/70 8.7it/s 0.4s<7.6s
[K        3/3      1.81G      1.942      1.218     0.9419        460        320: 8% в”Ѓв”Ђв”Ђв”Ђв”Ђв”Ђв”Ђв”Ђв”Ђв”Ђв”Ђв”Ђ 6/70 11.4it/s 0.5s<5.6s
[K        3/3      1.81G      1.964      1.225     0.9422        470        320: 11% в”Ѓв”Ђв”Ђв”Ђв”Ђв”Ђв”Ђв”Ђв”Ђв”Ђв”Ђв”Ђ 8/70 13.2it/s 0.6s<4.7s
[K        3/3      1.81G      1.964      1.224     0.9399        479        320: 12% в”Ѓв•ёв”Ђв”Ђв”Ђв”Ђв”Ђв”Ђв”Ђв”Ђв”Ђв”Ђ 9/70 10.7it/s 0.8s<5.7s
[K        3/3      1.81G      1.943      1.225     0.9383        377        320: 15% в”Ѓв•ёв”Ђв”Ђв”Ђв”Ђв”Ђв”Ђв”Ђв”Ђв”Ђв”Ђ 11/70 12.7it/s 0.9s<4.6s
[K        3/3      1.81G      1.945      1.226     0.9373        335        320: 18% в”Ѓв”Ѓв”Ђв”Ђв”Ђв”Ђв”Ђв”Ђв”Ђв”Ђв”Ђв”Ђ 13/70 10.2it/s 1.4s<5.6s
[K        3/3      1.81G      1.948       1.24     0.9396        264        320: 21% в”Ѓв”Ѓв•ёв”Ђв”Ђв”Ђв”Ђв”Ђв”Ђв”Ђв”Ђв”Ђ 15/70 12.5it/s 1.5s<4.4s
[K        3/3      1.81G      1.944      1.235     0.9404        337        320: 24% в”Ѓв”Ѓв•ёв”Ђв”Ђв”Ђв”Ђв”Ђв”Ђв”Ђв”Ђв”Ђ 17/70 10.8it/s 1.8s<4.9s
[K        3/3      1.81G      1.929       1.23     0.9378        360        320: 27% в”Ѓв”Ѓв”Ѓв”Ђв”Ђв”Ђв”Ђв”Ђв”Ђв”Ђв”Ђв”Ђ 19/70 13.0it/s 1.9s<3.9s
[K        3/3      1.81G      1.924      1.225     0.9362        465        320: 30% в”Ѓв”Ѓв”Ѓв•ёв”Ђв”Ђв”Ђв”Ђв”Ђв”Ђв”Ђв”Ђ 21/70 11.2it/s 2.2s<4.4s
[K        3/3      1.81G      1.923      1.224     0.9366        340        320: 32% в”Ѓв”Ѓв”Ѓв•ёв”Ђв”Ђв”Ђв”Ђв”Ђв”Ђв”Ђв”Ђ 23/70 13.4it/s 2.3s<3.5s
[K        3/3      1.81G      1.929      1.221     0.9351        427        320: 35% в”Ѓв”Ѓв”Ѓв”Ѓв”Ђв”Ђв”Ђв”Ђв”Ђв”Ђв”Ђв”Ђ 25/70 10.9it/s 2.7s<4.1s
[K        3/3      1.81G      1.931      1.217     0.9344        365        320: 38% в”Ѓв”Ѓв”Ѓв”Ѓв•ёв”Ђв”Ђв”Ђв”Ђв”Ђв”Ђв”Ђ 27/70 13.2it/s 2.8s<3.3s
[K        3/3      1.81G       1.93      1.217     0.9341        370        320: 41% в”Ѓв”Ѓв”Ѓв”Ѓв•ёв”Ђв”Ђв”Ђв”Ђв”Ђв”Ђв”Ђ 29/70 10.6it/s 3.3s<3.9s
[K        3/3      1.81G      1.926      1.217     0.9334        313        320: 44% в”Ѓв”Ѓв”Ѓв”Ѓв”Ѓв”Ђв”Ђв”Ђв”Ђв”Ђв”Ђв”Ђ 31/70 13.0it/s 3.4s<3.0s
[K        3/3      1.81G      1.933      1.219     0.9345        491        320: 47% в”Ѓв”Ѓв”Ѓв”Ѓв”Ѓв•ёв”Ђв”Ђв”Ђв”Ђв”Ђв”Ђ 33/70 10.7it/s 3.7s<3.5s
[K        3/3      1.81G      1.932       1.22     0.9341        262        320: 50% в”Ѓв”Ѓв”Ѓв”Ѓв”Ѓв”Ѓв”Ђв”Ђв”Ђв”Ђв”Ђв”Ђ 35/70 12.8it/s 3.9s<2.7s
[K        3/3      1.81G      1.933      1.217     0.9338        425        320: 52% в”Ѓв”Ѓв”Ѓв”Ѓв”Ѓв”Ѓв”Ђв”Ђв”Ђв”Ђв”Ђв”Ђ 37/70 10.5it/s 4.2s<3.1s
[K        3/3      1.81G      1.929      1.216     0.9342        249        320: 55% в”Ѓв”Ѓв”Ѓв”Ѓв”Ѓв”Ѓв•ёв”Ђв”Ђв”Ђв”Ђв”Ђ 39/70 13.1it/s 4.3s<2.4s
[K        3/3      1.81G      1.931      1.216     0.9344        440        320: 58% в”Ѓв”Ѓв”Ѓв”Ѓв”Ѓв”Ѓв”Ѓв”Ђв”Ђв”Ђв”Ђв”Ђ 41/70 11.1it/s 4.7s<2.6s
[K        3/3      1.81G      1.934      1.217     0.9338        389        320: 61% в”Ѓв”Ѓв”Ѓв”Ѓв”Ѓв”Ѓв”Ѓв”Ђв”Ђв”Ђв”Ђв”Ђ 43/70 13.3it/s 4.8s<2.0s
[K        3/3      1.81G      1.933      1.212     0.9332        388        320: 64% в”Ѓв”Ѓв”Ѓв”Ѓв”Ѓв”Ѓв”Ѓв•ёв”Ђв”Ђв”Ђв”Ђ 45/70 10.4it/s 5.3s<2.4s
[K        3/3      1.81G      1.929      1.209     0.9339        278        320: 67% в”Ѓв”Ѓв”Ѓв”Ѓв”Ѓв”Ѓв”Ѓв”Ѓв”Ђв”Ђв”Ђв”Ђ 47/70 12.9it/s 5.4s<1.8s
[K        3/3      1.81G      1.927      1.207     0.9344        322        320: 70% в”Ѓв”Ѓв”Ѓв”Ѓв”Ѓв”Ѓв”Ѓв”Ѓв”Ђв”Ђв”Ђв”Ђ 49/70 10.4it/s 5.9s<2.0s
[K        3/3      1.81G      1.926      1.204     0.9347        374        320: 72% в”Ѓв”Ѓв”Ѓв”Ѓв”Ѓв”Ѓв”Ѓв”Ѓв•ёв”Ђв”Ђв”Ђ 51/70 13.0it/s 6.0s<1.5s
[K        3/3      1.81G      1.926      1.204     0.9344        329        320: 75% в”Ѓв”Ѓв”Ѓв”Ѓв”Ѓв”Ѓв”Ѓв”Ѓв”Ѓв”Ђв”Ђв”Ђ 53/70 10.3it/s 6.5s<1.7s
[K        3/3      1.81G      1.922        1.2     0.9343        338        320: 78% в”Ѓв”Ѓв”Ѓв”Ѓв”Ѓв”Ѓв”Ѓв”Ѓв”Ѓв”Ђв”Ђв”Ђ 55/70 12.8it/s 6.6s<1.2s
[K        3/3      1.81G      1.925      1.198     0.9334        382        320: 81% в”Ѓв”Ѓв”Ѓв”Ѓв”Ѓв”Ѓв”Ѓв”Ѓв”Ѓв•ёв”Ђв”Ђ 57/70 10.0it/s 7.2s<1.3s
[K        3/3      1.81G      1.925      1.196     0.9338        343        320: 84% в”Ѓв”Ѓв”Ѓв”Ѓв”Ѓв”Ѓв”Ѓв”Ѓв”Ѓв”Ѓв”Ђв”Ђ 59/70 12.6it/s 7.3s<0.9s
[K        3/3      1.81G      1.925      1.196     0.9346        360        320: 87% в”Ѓв”Ѓв”Ѓв”Ѓв”Ѓв”Ѓв”Ѓв”Ѓв”Ѓв”Ѓв”Ђв”Ђ 61/70 10.9it/s 7.6s<0.8s
[K        3/3      1.81G      1.927      1.195     0.9347        320        320: 90% в”Ѓв”Ѓв”Ѓв”Ѓв”Ѓв”Ѓв”Ѓв”Ѓв”Ѓв”Ѓв•ёв”Ђ 63/70 13.1it/s 7.7s<0.5s
[K        3/3      1.81G      1.931      1.194     0.9339        439        320: 92% в”Ѓв”Ѓв”Ѓв”Ѓв”Ѓв”Ѓв”Ѓв”Ѓв”Ѓв”Ѓв”Ѓв”Ђ 65/70 10.5it/s 8.1s<0.5s
[K        3/3      1.81G      1.932      1.193     0.9336        409        320: 95% в”Ѓв”Ѓв”Ѓв”Ѓв”Ѓв”Ѓв”Ѓв”Ѓв”Ѓв”Ѓв”Ѓв”Ђ 67/70 12.9it/s 8.2s<0.2s
[K        3/3      1.81G      1.932       1.19     0.9332        356        320: 98% в”Ѓв”Ѓв”Ѓв”Ѓв”Ѓв”Ѓв”Ѓв”Ѓв”Ѓв”Ѓв”Ѓв•ё 69/70 12.1it/s 8.4s<0.1s
[K        3/3      1.81G      1.932       1.19     0.9332        356        320: 100% в”Ѓв”Ѓв”Ѓв”Ѓв”Ѓв”Ѓв”Ѓв”Ѓв”Ѓв”Ѓв”Ѓв”Ѓ 70/70 8.3it/s 8.4s

[K                 Class     Images  Instances      Box(P          R      mAP50  mAP50-95): 28% в”Ѓв”Ѓв”Ѓв”Ђв”Ђв”Ђв”Ђв”Ђв”Ђв”Ђв”Ђв”Ђ 2/7 4.1it/s 0.1s<1.2s
[K                 Class     Images  Instances      Box(P          R      mAP50  mAP50-95): 57% в”Ѓв”Ѓв”Ѓв”Ѓв”Ѓв”Ѓв•ёв”Ђв”Ђв”Ђв”Ђв”Ђ 4/7 7.1it/s 0.3s<0.4s
[K                 Class     Images  Instances      Box(P          R      mAP50  mAP50-95): 85% в”Ѓв”Ѓв”Ѓв”Ѓв”Ѓв”Ѓв”Ѓв”Ѓв”Ѓв”Ѓв”Ђв”Ђ 6/7 9.3it/s 0.4s<0.1s
[K                 Class     Images  Instances      Box(P          R      mAP50  mAP50-95): 100% в”Ѓв”Ѓв”Ѓв”Ѓв”Ѓв”Ѓв”Ѓв”Ѓв”Ѓв”Ѓв”Ѓв”Ѓ 7/7 15.3it/s 0.5s
                   all        394       2897      0.805       0.67      0.754      0.447

3 epochs completed in 0.008 hours.
Optimizer stripped from /work/s473634/rareplanes-domain-shift/runs/final_yolov10n_syn1k_noise_real25pct_img320_hsvA1_ml/weights/last.pt, 5.7MB
Optimizer stripped from /work/s473634/rareplanes-domain-shift/runs/final_yolov10n_syn1k_noise_real25pct_img320_hsvA1_ml/weights/best.pt, 5.7MB

Validating /work/s473634/rareplanes-domain-shift/runs/final_yolov10n_syn1k_noise_real25pct_img320_hsvA1_ml/weights/best.pt...
Ultralytics 8.4.71 рџљЂ Python-3.12.13 torch-2.5.1+cu121 CUDA:0 (NVIDIA GeForce RTX 4090, 24081MiB)
YOLOv10n summary (fused): 102 layers, 2,265,363 parameters, 0 gradients, 6.5 GFLOPs

[K                 Class     Images  Instances      Box(P          R      mAP50  mAP50-95): 28% в”Ѓв”Ѓв”Ѓв”Ђв”Ђв”Ђв”Ђв”Ђв”Ђв”Ђв”Ђв”Ђ 2/7 1.7it/s 0.4s<3.0s
[K                 Class     Images  Instances      Box(P          R      mAP50  mAP50-95): 42% в”Ѓв”Ѓв”Ѓв”Ѓв”Ѓв”Ђв”Ђв”Ђв”Ђв”Ђв”Ђв”Ђ 3/7 2.0it/s 0.7s<2.0s
[K                 Class     Images  Instances      Box(P          R      mAP50  mAP50-95): 57% в”Ѓв”Ѓв”Ѓв”Ѓв”Ѓв”Ѓв•ёв”Ђв”Ђв”Ђв”Ђв”Ђ 4/7 2.4it/s 1.0s<1.3s
[K                 Class     Images  Instances      Box(P          R      mAP50  mAP50-95): 85% в”Ѓв”Ѓв”Ѓв”Ѓв”Ѓв”Ѓв”Ѓв”Ѓв”Ѓв”Ѓв”Ђв”Ђ 6/7 6.1it/s 1.2s<0.2s
[K                 Class     Images  Instances      Box(P          R      mAP50  mAP50-95): 100% в”Ѓв”Ѓв”Ѓв”Ѓв”Ѓв”Ѓв”Ѓв”Ѓв”Ѓв”Ѓв”Ѓв”Ѓ 7/7 5.9it/s 1.2s
                   all        394       2897      0.806      0.669      0.754      0.447
Speed: 0.0ms preprocess, 0.1ms inference, 0.0ms loss, 0.1ms postprocess per image
Results saved to [1m/work/s473634/rareplanes-domain-shift/runs/final_yolov10n_syn1k_noise_real25pct_img320_hsvA1_ml[0m
Ultralytics 8.4.71 рџљЂ Python-3.12.13 torch-2.5.1+cu121 CUDA:0 (NVIDIA GeForce RTX 4090, 24081MiB)
YOLOv10n summary (fused): 102 layers, 2,265,363 parameters, 0 gradients, 6.5 GFLOPs
[34m[1mval: [0mFast image access вњ… (ping: 0.0В±0.0 ms, read: 13686.4В±6493.9 MB/s, size: 986.2 KB)

[K[34m[1mval: [0mScanning /work/s473634/rareplanes-data/data/yolo/final_mixed_syn1k_noise_real25pct/labels/val.cache... 394 images, 0 backgrounds, 0 corrupt: 100% в”Ѓв”Ѓв”Ѓв”Ѓв”Ѓв”Ѓв”Ѓв”Ѓв”Ѓв”Ѓв”Ѓв”Ѓ 394/394 275.4Mit/s 0.0s

[K                 Class     Images  Instances      Box(P          R      mAP50  mAP50-95): 4% в”Ђв”Ђв”Ђв”Ђв”Ђв”Ђв”Ђв”Ђв”Ђв”Ђв”Ђв”Ђ 1/25 1.7s/it 0.5s<41.0s
[K                 Class     Images  Instances      Box(P          R      mAP50  mAP50-95): 8% в•ёв”Ђв”Ђв”Ђв”Ђв”Ђв”Ђв”Ђв”Ђв”Ђв”Ђв”Ђ 2/25 3.3it/s 0.6s<7.0s
[K                 Class     Images  Instances      Box(P          R      mAP50  mAP50-95): 12% в”Ѓв”Ђв”Ђв”Ђв”Ђв”Ђв”Ђв”Ђв”Ђв”Ђв”Ђв”Ђ 3/25 2.9it/s 1.1s<7.7s
[K                 Class     Images  Instances      Box(P          R      mAP50  mAP50-95): 16% в”Ѓв•ёв”Ђв”Ђв”Ђв”Ђв”Ђв”Ђв”Ђв”Ђв”Ђв”Ђ 4/25 3.6it/s 1.3s<5.9s
[K                 Class     Images  Instances      Box(P          R      mAP50  mAP50-95): 32% в”Ѓв”Ѓв”Ѓв•ёв”Ђв”Ђв”Ђв”Ђв”Ђв”Ђв”Ђв”Ђ 8/25 13.5it/s 1.4s<1.3s
[K                 Class     Images  Instances      Box(P          R      mAP50  mAP50-95): 48% в”Ѓв”Ѓв”Ѓв”Ѓв”Ѓв•ёв”Ђв”Ђв”Ђв”Ђв”Ђв”Ђ 12/25 17.8it/s 1.6s<0.7s
[K                 Class     Images  Instances      Box(P          R      mAP50  mAP50-95): 68% в”Ѓв”Ѓв”Ѓв”Ѓв”Ѓв”Ѓв”Ѓв”Ѓв”Ђв”Ђв”Ђв”Ђ 17/25 25.6it/s 1.7s<0.3s
[K                 Class     Images  Instances      Box(P          R      mAP50  mAP50-95): 92% в”Ѓв”Ѓв”Ѓв”Ѓв”Ѓв”Ѓв”Ѓв”Ѓв”Ѓв”Ѓв”Ѓв”Ђ 23/25 33.5it/s 1.8s<0.1s
[K                 Class     Images  Instances      Box(P          R      mAP50  mAP50-95): 100% в”Ѓв”Ѓв”Ѓв”Ѓв”Ѓв”Ѓв”Ѓв”Ѓв”Ѓв”Ѓв”Ѓв”Ѓ 25/25 13.2it/s 1.9s
                   all        394       2897      0.805      0.671      0.755      0.447
Speed: 0.2ms preprocess, 1.3ms inference, 0.0ms loss, 0.2ms postprocess per image
Results saved to [1m/work/s473634/rareplanes-domain-shift/runs/final_yolov10n_syn1k_noise_real25pct_img320_hsvA1_ml_eval[0m

=== METRYKI ===
{
  "mAP50": 0.7553645817039812,
  "mAP50-95": 0.44736393911368716,
  "precision": 0.8048556231603256,
  "recall": 0.6705549539919982
}
[zapisano] /work/s473634/rareplanes-domain-shift/results/baselines/final_yolov10n_syn1k_noise_real25pct_img320_hsvA1_ml.json
[2026-06-19 17:43:36] [cmd done] elapsed=48.8s

==============================================================================
[2026-06-19 17:43:36] Evaluate on real holdout
==============================================================================
[2026-06-19 17:43:36] [cmd] /home/s473634/.conda/envs/rareplanes/bin/python src/eval_per_size.py --weights runs/final_yolov10n_syn1k_noise_real25pct_img320_hsvA1_ml/weights/best.pt --img-dir data/real/PS-RGB_tiled/PS-RGB_tiled --coco-gt data/real/annotations/instances_test_aircraft.json --device 0 --imgsz 320 --name final_yolov10n_syn1k_noise_real25pct_img320_hsvA1_ml
[eval] obrazow do predykcji: 2710 / 2710 w GT
[eval] detekcji: 552002
loading annotations into memory...
Done (t=0.02s)
creating index...
index created!
Loading and preparing results...
DONE (t=0.78s)
creating index...
index created!

=== AP per rozmiar (COCO) ===
  AP@[.5:.95]   : 0.5291
  AP@.5         : 0.8426
  AP@.75        : 0.6021
  AP_small      : 0.4392
  AP_medium     : 0.5286
  AP_large      : 0.6622
  AR@1          : 0.2601
  AR@10         : 0.6287
  AR@100        : 0.7236
  AR_small      : 0.6332
  AR_medium     : 0.7210
  AR_large      : 0.8236
[zapisano] /work/s473634/rareplanes-domain-shift/results/per_size/final_yolov10n_syn1k_noise_real25pct_img320_hsvA1_ml.json
[2026-06-19 17:44:06] [cmd done] elapsed=29.3s

==============================================================================
[2026-06-19 17:44:06] Benchmark final model
==============================================================================
[2026-06-19 17:44:06] Skipping benchmark

==============================================================================
[2026-06-19 17:44:06] Write final summary
==============================================================================
[2026-06-19 17:44:06] [saved] results/final_combined_model_summary.json
[2026-06-19 17:44:06] [saved] results/final_combined_model_summary.md

==============================================================================
[2026-06-19 17:44:06] END train_final_model.py
==============================================================================
[2026-06-19 17:44:06] total wall-clock=760.1s
[2026-06-19 17:44:06] log file=results/final_combined_run.log
